Simulating reference of length 10485760 with seed 374241
Simulating reference of length 10485760 with seed 578167
MASON GENOME SIMULATOR
======================

__OPTIONS____________________________________________________________________

VERBOSITY  	1

SEED       	374241

OUTPUT FILE	ref_rep0.fasta
CONTIG LENS	10485760

__SIMULATING GENOME__________________________________________________________

MASON GENOME SIMULATOR
======================

__OPTIONS____________________________________________________________________

VERBOSITY  	1

SEED       	578167

OUTPUT FILE	ref_rep1.fasta
CONTIG LENS	10485760

__SIMULATING GENOME__________________________________________________________

Simulating query of length 10485760 with seed 186367
MASON GENOME SIMULATOR
======================

__OPTIONS____________________________________________________________________

VERBOSITY  	1

SEED       	186367

OUTPUT FILE	random_rep1.fasta
CONTIG LENS	10485760

__SIMULATING GENOME__________________________________________________________

Simulating query of length 10485760 with seed 59596
MASON GENOME SIMULATOR
======================

__OPTIONS____________________________________________________________________

VERBOSITY  	1

SEED       	59596

OUTPUT FILE	random_rep0.fasta
CONTIG LENS	10485760

__SIMULATING GENOME__________________________________________________________

Sampling 5240 local matches between 50 and 200 bp with an error rate of 0
Sampling 5240 local matches between 50 and 200 bp with an error rate of 0.1
Sampling 5240 local matches between 50 and 200 bp with an error rate of 0.075


Building a new DB, current time: 11/01/2023 13:19:14
New DB name:   /group/ag_abi/evelina/DREAM-stellar-benchmark/reproduce-stellar/10Mb/ref_rep1.fasta
New DB title:  ref_rep1.fasta
Sequence type: Nucleotide
Sampling 5240 local matches between 50 and 200 bp with an error rate of 0.025
Deleted existing Nucleotide BLAST database named /group/ag_abi/evelina/DREAM-stellar-benchmark/reproduce-stellar/10Mb/ref_rep1.fasta
Keep MBits: T
Maximum file size: 1000000000B
Sampling 5240 local matches between 50 and 200 bp with an error rate of 0.05
Adding sequences from FASTA; added 1 sequences in 0.113299 seconds.


Sampling 5240 local matches between 50 and 200 bp with an error rate of 0.05
Sampling 5240 local matches between 50 and 200 bp with an error rate of 0.025
Sampling 5240 local matches between 50 and 200 bp with an error rate of 0


Building a new DB, current time: 11/01/2023 13:19:15
New DB name:   /group/ag_abi/evelina/DREAM-stellar-benchmark/reproduce-stellar/10Mb/ref_rep0.fasta
New DB title:  ref_rep0.fasta
Sequence type: Nucleotide
Sampling 5240 local matches between 50 and 200 bp with an error rate of 0.075
Deleted existing Nucleotide BLAST database named /group/ag_abi/evelina/DREAM-stellar-benchmark/reproduce-stellar/10Mb/ref_rep0.fasta
Keep MBits: T
Maximum file size: 1000000000B
Sampling 5240 local matches between 50 and 200 bp with an error rate of 0.1
Adding sequences from FASTA; added 1 sequences in 0.115078 seconds.


I/O options:
  database file   : ref_rep1.fasta
  query file      : query/rep1_e0.05.fasta
  alphabet        : dna
  output file     : stellar/rep1_e0.05.gff
  output format   : gff

User specified parameters:
  minimal match length             : 50
  maximal error rate (epsilon)     : 0.05
  maximal x-drop                   : 5
  search forward strand            : yes
  search reverse complement        : yes

  verification strategy            : exact
  maximal number of matches        : 7000
  duplicate removal every          : 7001

Calculated parameters:
  k-mer length : 15
  s^min        : 15
  threshold    : 1
  distance cut : 45
  delta        : 16
  overlap      : 2

I/O options:
  database file   : ref_rep1.fasta
  query file      : query/rep1_e0.1.fasta
  alphabet        : dna
  output file     : stellar/rep1_e0.1.gff
  output format   : gff

User specified parameters:
  minimal match length             : 50
  maximal error rate (epsilon)     : 0.1
  maximal x-drop                   : 5
  search forward strand            : yes
  search reverse complement        : yes

  verification strategy            : exact
  maximal number of matches        : 7000
  duplicate removal every          : 7001

Calculated parameters:
  k-mer length : 8
  s^min        : 8
  threshold    : 3
  distance cut : 50
  delta        : 16
  overlap      : 5

I/O options:
  database file   : I/O options:
ref_rep1.fasta
  database file   :   query file      : ref_rep1.fasta
query/rep1_e0.075.fasta
  query file      :   alphabet        : query/rep1_e0.fasta
dna
  alphabet        :   output file     : dna
stellar/rep1_e0.075.gff
  output file     :   output format   : stellar/rep1_e0.gff
gff
  output format   : 
gff
User specified parameters:

  minimal match length             : 50
User specified parameters:
  minimal match length             : 50
  maximal error rate (epsilon)     : 1e-05
  maximal error rate (epsilon)     : 0.075
  maximal x-drop                   : 5
  maximal x-drop                   : 5
  search forward strand            : yes
  search forward strand            : yes
  search reverse complement        : yes
  search reverse complement        : yes


  verification strategy            :   verification strategy            : exact
exact
  maximal number of matches        : 7000
  maximal number of matches        : 7000
  duplicate removal every          : 7001
  duplicate removal every          : 7001


Calculated parameters:
Calculated parameters:
  k-mer length : 32
  k-mer length : 10
  s^min        : 50
  s^min        : 10
  threshold    : 19
  threshold    : 5
  distance cut : 50
  delta        : 16
  overlap      : 0
  distance cut : 64

  delta        : 16
  overlap      : 5

Loaded 1 query sequence.
Loaded 1 query sequence.
Loaded 1 database sequence.

Loaded 1 database sequence.
Constructing index...

Constructing index...
Loaded 1 query sequence.
Loaded 1 query sequence.
Loaded 1 database sequence.

Loaded 1 database sequence.
Constructing index...

Constructing index...
I/O options:
  database file   : ref_rep0.fasta
  query file      : query/rep0_e0.fasta
  alphabet        : dna
  output file     : stellar/rep0_e0.gff
  output format   : gff

User specified parameters:
  minimal match length             : 50
  maximal error rate (epsilon)     : 1e-05
  maximal x-drop                   : 5
  search forward strand            : yes
  search reverse complement        : yes

  verification strategy            : exact
  maximal number of matches        : 7000
  duplicate removal every          : 7001

Calculated parameters:
  k-mer length : 32
  s^min        : 50
  threshold    : 19
  distance cut : 50
  delta        : 16
  overlap      : 0

Loaded 1 query sequence.

Aligning all query sequences to database sequence...
  1Loaded 1 database sequence.

Constructing index...
I/O options:
  database file   : ref_rep0.fasta
  query file      : query/rep0_e0.1.fasta
  alphabet        : dna
  output file     : stellar/rep0_e0.1.gff
  output format   : gff

User specified parameters:
  minimal match length             : 50
  maximal error rate (epsilon)     : 0.1
  maximal x-drop                   : 5
  search forward strand            : yes
  search reverse complement        : yes

  verification strategy            : exact
  maximal number of matches        : 7000
  duplicate removal every          : 7001

Calculated parameters:
  k-mer length : 8
  s^min        : 8
  threshold    : 3
  distance cut : 50
  delta        : 16
  overlap      : 5

Loaded 1 query sequence.
I/O options:
  database file   : ref_rep0.fasta
  query file      : query/rep0_e0.025.fasta
  alphabet        : dna
  output file     : stellar/rep0_e0.025.gff
  output format   : gff

User specified parameters:
  minimal match length             : 50
  maximal error rate (epsilon)     : 0.025
  maximal x-drop                   : 5
  search forward strand            : yes
  search reverse complement        : yes

  verification strategy            : exact
  maximal number of matches        : 7000
  duplicate removal every          : 7001

Calculated parameters:
  k-mer length : 25
  s^min        : 25
  threshold    : 1
  distance cut : 50
  delta        : 16
  overlap      : 1

Loaded 1 database sequence.

Constructing index...
Loaded 1 query sequence.
I/O options:
  database file   : ref_rep0.fasta
  query file      : query/rep0_e0.05.fasta
  alphabet        : dna
  output file     : stellar/rep0_e0.05.gff
  output format   : gff

User specified parameters:
  minimal match length             : 50
  maximal error rate (epsilon)     : 0.05
  maximal x-drop                   : 5
  search forward strand            : yes
  search reverse complement        : yes

  verification strategy            : exact
  maximal number of matches        : 7000
  duplicate removal every          : 7001

Calculated parameters:
  k-mer length : 15
  s^min        : 15
  threshold    : 1
  distance cut : 45
  delta        : 16
  overlap      : 2

Loaded 1 database sequence.

Constructing index...
Loaded 1 query sequence.
I/O options:
  database file   : ref_rep1.fasta
  query file      : query/rep1_e0.025.fasta
  alphabet        : dna
  output file     : stellar/rep1_e0.025.gff
  output format   : gff

User specified parameters:
  minimal match length             : 50
  maximal error rate (epsilon)     : 0.025
  maximal x-drop                   : 5
  search forward strand            : yes
  search reverse complement        : yes

  verification strategy            : exact
  maximal number of matches        : 7000
  duplicate removal every          : 7001

Calculated parameters:
  k-mer length : 25
  s^min        : 25
  threshold    : 1
  distance cut : 50
  delta        : 16
  overlap      : 1


Aligning all query sequences to database sequence...
  1Loaded 1 database sequence.

Constructing index...
Loaded 1 query sequence.
Loaded 1 database sequence.

Constructing index...

Aligning all query sequences to database sequence...
  1
Aligning all query sequences to database sequence...
  1
Aligning all query sequences to database sequence...
  1I/O options:
  database file   : ref_rep0.fasta
  query file      : query/rep0_e0.075.fasta
  alphabet        : dna
  output file     : stellar/rep0_e0.075.gff
  output format   : gff

User specified parameters:
  minimal match length             : 50
  maximal error rate (epsilon)     : 0.075
  maximal x-drop                   : 5
  search forward strand            : yes
  search reverse complement        : yes

  verification strategy            : exact
  maximal number of matches        : 7000
  duplicate removal every          : 7001

Calculated parameters:
  k-mer length : 10
  s^min        : 10
  threshold    : 5
  distance cut : 64
  delta        : 16
  overlap      : 5

Loaded 1 query sequence.

Aligning all query sequences to database sequence...
  1
Aligning all query sequences to database sequence...
  1
 
  1, complement# Eps-matches     : 5121
  1, complement
# Eps-matches     : 5105

  1, complement

# Eps-matches     : 5144


# Eps-matches     : 5147

  1, complement
  1, complement

# Eps-matches     : 5232


# Eps-matches     : 5232

  1, complement

# Eps-matches     : 5129

  1, complement

# Eps-matches     : 5128
Launching stellar search on a shared memory machine...
Loaded 1 database sequence.
Launching stellar search on a shared memory machine...
Loaded 1 database sequence.
Launching stellar search on a shared memory machine...
Loaded 1 database sequence.
Launching stellar search on a shared memory machine...
Loaded 1 database sequence.
Launching stellar search on a shared memory machine...
Loaded 1 database sequence.
Launching stellar search on a shared memory machine...
Loaded 1 database sequence.
Launching stellar search on a shared memory machine...
Loaded 1 database sequence.
Launching stellar search on a shared memory machine...
Loaded 1 database sequence.
Launching stellar search on a shared memory machine...
Loaded 1 database sequence.
Launching stellar search on a shared memory machine...
Loaded 1 database sequence.
Done
Number of repetitions 2
Build IBF for (17,15)-minimisers
Build IBF for (15,13)-minimisers
Build IBF for (11,9)-minimisers
Build IBF for (9,9)-minimisers
Build IBF for (7,7)-minimisers
Build IBF for (17,15)-minimisers
Build IBF for (15,13)-minimisers
Build IBF for (11,9)-minimisers
Build IBF for (9,9)-minimisers
Build IBF for (7,7)-minimisers
Build IBF for (11,9)-minimisers
Build IBF for (7,7)-minimisers
Build IBF for (15,13)-minimisers
Build IBF for (9,9)-minimisers
Build IBF for (17,15)-minimisers
Build IBF for (17,15)-minimisers
Build IBF for (11,9)-minimisers
Build IBF for (7,7)-minimisers
Build IBF for (9,9)-minimisers
Build IBF for (15,13)-minimisers
