Building DAG of jobs...
Using shell: /usr/bin/bash
Provided cores: 16
Rules claiming more threads will be scaled down.
Job stats:
job                   count
------------------  -------
blast_accuracy           10
blast_index               2
blast_search             10
blast_table1              1
dream_accuracy           10
make_all                  1
simulate_matches         10
simulate_sequences        2
stellar                  10
stellar_accuracy         10
stellar_table1            1
valik_build              10
valik_search             10
valik_split_query        10
valik_split_ref           2
valik_table1              1
total                   100

Select jobs to execute...

[Wed Nov  1 13:19:11 2023]
rule simulate_sequences:
    output: ref_rep0.fasta, random_rep0.fasta
    jobid: 3
    reason: Forced execution
    wildcards: rep=0
    resources: tmpdir=/tmp


[Wed Nov  1 13:19:11 2023]
rule simulate_sequences:
    output: ref_rep1.fasta, random_rep1.fasta
    jobid: 14
    reason: Forced execution
    wildcards: rep=1
    resources: tmpdir=/tmp

contig 1 ...contig 1 ... DONE
 DONE

Done.
contig 1 ...
Done.
contig 1 ... DONE
 DONE

Done.

Done.
[Wed Nov  1 13:19:13 2023]
Finished job 14.
1 of 100 steps (1%) done
Select jobs to execute...

[Wed Nov  1 13:19:13 2023]
rule simulate_matches:
    input: ref_rep1.fasta, random_rep1.fasta
    output: query/rep1_e0.fasta, local_matches/rep1_e0.fasta, ground_truth/rep1_e0.tsv
    jobid: 15
    reason: Input files updated by another job: ref_rep1.fasta, random_rep1.fasta
    wildcards: rep=1, er=0
    resources: tmpdir=/tmp


[Wed Nov  1 13:19:13 2023]
rule simulate_matches:
    input: ref_rep1.fasta, random_rep1.fasta
    output: query/rep1_e0.1.fasta, local_matches/rep1_e0.1.fasta, ground_truth/rep1_e0.1.tsv
    jobid: 23
    reason: Input files updated by another job: ref_rep1.fasta, random_rep1.fasta
    wildcards: rep=1, er=0.1
    resources: tmpdir=/tmp


[Wed Nov  1 13:19:13 2023]
rule blast_index:
    input: ref_rep1.fasta
    output: ref_rep1.fasta.ndb
    jobid: 85
    benchmark: benchmarks/blast_index_rep1.txt
    reason: Input files updated by another job: ref_rep1.fasta
    wildcards: rep=1
    resources: tmpdir=/tmp

Simulating 5240 matches from sequence 1

[Wed Nov  1 13:19:13 2023]
rule valik_split_ref:
    input: ref_rep1.fasta
    output: meta/ref_rep1.txt
    jobid: 53
    reason: Input files updated by another job: ref_rep1.fasta
    wildcards: rep=1
    resources: tmpdir=/tmp

Simulating 5240 matches from sequence 1

[Wed Nov  1 13:19:14 2023]
rule simulate_matches:
    input: ref_rep1.fasta, random_rep1.fasta
    output: query/rep1_e0.075.fasta, local_matches/rep1_e0.075.fasta, ground_truth/rep1_e0.075.tsv
    jobid: 21
    reason: Input files updated by another job: ref_rep1.fasta, random_rep1.fasta
    wildcards: rep=1, er=0.075
    resources: tmpdir=/tmp


[Wed Nov  1 13:19:14 2023]
rule simulate_matches:
    input: ref_rep1.fasta, random_rep1.fasta
    output: query/rep1_e0.025.fasta, local_matches/rep1_e0.025.fasta, ground_truth/rep1_e0.025.tsv
    jobid: 17
    reason: Input files updated by another job: ref_rep1.fasta, random_rep1.fasta
    wildcards: rep=1, er=0.025
    resources: tmpdir=/tmp


[Wed Nov  1 13:19:14 2023]
rule simulate_matches:
    input: ref_rep1.fasta, random_rep1.fasta
    output: query/rep1_e0.05.fasta, local_matches/rep1_e0.05.fasta, ground_truth/rep1_e0.05.tsv
    jobid: 19
    reason: Input files updated by another job: ref_rep1.fasta, random_rep1.fasta
    wildcards: rep=1, er=0.05
    resources: tmpdir=/tmp

Simulating 5240 matches from sequence 1
Simulating 5240 matches from sequence 1
Simulating 5240 matches from sequence 1
[Wed Nov  1 13:19:14 2023]
Finished job 3.
2 of 100 steps (2%) done
[Wed Nov  1 13:19:14 2023]
Finished job 53.
3 of 100 steps (3%) done
Select jobs to execute...

[Wed Nov  1 13:19:14 2023]
rule simulate_matches:
    input: ref_rep0.fasta, random_rep0.fasta
    output: query/rep0_e0.05.fasta, local_matches/rep0_e0.05.fasta, ground_truth/rep0_e0.05.tsv
    jobid: 8
    reason: Input files updated by another job: ref_rep0.fasta, random_rep0.fasta
    wildcards: rep=0, er=0.05
    resources: tmpdir=/tmp


[Wed Nov  1 13:19:14 2023]
rule valik_split_ref:
    input: ref_rep0.fasta
    output: meta/ref_rep0.txt
    jobid: 37
    reason: Input files updated by another job: ref_rep0.fasta
    wildcards: rep=0
    resources: tmpdir=/tmp


[Wed Nov  1 13:19:14 2023]
rule simulate_matches:
    input: ref_rep0.fasta, random_rep0.fasta
    output: query/rep0_e0.025.fasta, local_matches/rep0_e0.025.fasta, ground_truth/rep0_e0.025.tsv
    jobid: 6
    reason: Input files updated by another job: ref_rep0.fasta, random_rep0.fasta
    wildcards: rep=0, er=0.025
    resources: tmpdir=/tmp

Simulating 5240 matches from sequence 1

[Wed Nov  1 13:19:15 2023]
rule blast_index:
    input: ref_rep0.fasta
    output: ref_rep0.fasta.ndb
    jobid: 79
    benchmark: benchmarks/blast_index_rep0.txt
    reason: Input files updated by another job: ref_rep0.fasta
    wildcards: rep=0
    resources: tmpdir=/tmp


[Wed Nov  1 13:19:15 2023]
rule simulate_matches:
    input: ref_rep0.fasta, random_rep0.fasta
    output: query/rep0_e0.fasta, local_matches/rep0_e0.fasta, ground_truth/rep0_e0.tsv
    jobid: 4
    reason: Input files updated by another job: ref_rep0.fasta, random_rep0.fasta
    wildcards: rep=0, er=0
    resources: tmpdir=/tmp

Simulating 5240 matches from sequence 1

[Wed Nov  1 13:19:15 2023]
rule simulate_matches:
    input: ref_rep0.fasta, random_rep0.fasta
    output: query/rep0_e0.075.fasta, local_matches/rep0_e0.075.fasta, ground_truth/rep0_e0.075.tsv
    jobid: 10
    reason: Input files updated by another job: ref_rep0.fasta, random_rep0.fasta
    wildcards: rep=0, er=0.075
    resources: tmpdir=/tmp


[Wed Nov  1 13:19:15 2023]
rule simulate_matches:
    input: ref_rep0.fasta, random_rep0.fasta
    output: query/rep0_e0.1.fasta, local_matches/rep0_e0.1.fasta, ground_truth/rep0_e0.1.tsv
    jobid: 12
    reason: Input files updated by another job: ref_rep0.fasta, random_rep0.fasta
    wildcards: rep=0, er=0.1
    resources: tmpdir=/tmp

Simulating 5240 matches from sequence 1
Simulating 5240 matches from sequence 1
[Wed Nov  1 13:19:15 2023]
Finished job 15.
4 of 100 steps (4%) done
Simulating 5240 matches from sequence 1
[Wed Nov  1 13:19:15 2023]
Finished job 23.
5 of 100 steps (5%) done
[Wed Nov  1 13:19:15 2023]
Finished job 21.
6 of 100 steps (6%) done
[Wed Nov  1 13:19:16 2023]
Finished job 85.
7 of 100 steps (7%) done
[Wed Nov  1 13:19:16 2023]
Finished job 17.
8 of 100 steps (8%) done
[Wed Nov  1 13:19:16 2023]
Finished job 19.
9 of 100 steps (9%) done
Removing temporary output random_rep1.fasta.
[Wed Nov  1 13:19:16 2023]
Finished job 37.
10 of 100 steps (10%) done
Select jobs to execute...

[Wed Nov  1 13:19:16 2023]
rule stellar:
    input: ref_rep1.fasta, query/rep1_e0.05.fasta
    output: stellar/rep1_e0.05.gff
    jobid: 18
    benchmark: benchmarks/stellar_rep1_e0.05.txt
    reason: Missing output files: stellar/rep1_e0.05.gff, benchmarks/stellar_rep1_e0.05.txt; Input files updated by another job: query/rep1_e0.05.fasta, ref_rep1.fasta
    wildcards: rep=1, er=0.05
    resources: tmpdir=/tmp


[Wed Nov  1 13:19:16 2023]
rule stellar:
    input: ref_rep1.fasta, query/rep1_e0.1.fasta
    output: stellar/rep1_e0.1.gff
    jobid: 22
    benchmark: benchmarks/stellar_rep1_e0.1.txt
    reason: Missing output files: benchmarks/stellar_rep1_e0.1.txt, stellar/rep1_e0.1.gff; Input files updated by another job: query/rep1_e0.1.fasta, ref_rep1.fasta
    wildcards: rep=1, er=0.1
    resources: tmpdir=/tmp


[Wed Nov  1 13:19:16 2023]
rule stellar:
    input: ref_rep1.fasta, query/rep1_e0.fasta
    output: stellar/rep1_e0.gff
    jobid: 13
    benchmark: benchmarks/stellar_rep1_e0.txt
    reason: Missing output files: stellar/rep1_e0.gff, benchmarks/stellar_rep1_e0.txt; Input files updated by another job: query/rep1_e0.fasta, ref_rep1.fasta
    wildcards: rep=1, er=0
    resources: tmpdir=/tmp


[Wed Nov  1 13:19:16 2023]
rule stellar:
    input: ref_rep1.fasta, query/rep1_e0.075.fasta
    output: stellar/rep1_e0.075.gff
    jobid: 20
    benchmark: benchmarks/stellar_rep1_e0.075.txt
    reason: Missing output files: stellar/rep1_e0.075.gff, benchmarks/stellar_rep1_e0.075.txt; Input files updated by another job: ref_rep1.fasta, query/rep1_e0.075.fasta
    wildcards: rep=1, er=0.075
    resources: tmpdir=/tmp


[Wed Nov  1 13:19:16 2023]
rule blast_search:
    input: ref_rep1.fasta, ref_rep1.fasta.ndb, query/rep1_e0.05.fasta
    output: blast/rep1_e0.05.tsv
    jobid: 87
    benchmark: benchmarks/blast_rep1_e0.05.txt
    reason: Missing output files: benchmarks/blast_rep1_e0.05.txt, blast/rep1_e0.05.tsv; Input files updated by another job: query/rep1_e0.05.fasta, ref_rep1.fasta.ndb, ref_rep1.fasta
    wildcards: rep=1, er=0.05
    resources: tmpdir=/tmp


[Wed Nov  1 13:19:16 2023]
rule blast_search:
    input: ref_rep1.fasta, ref_rep1.fasta.ndb, query/rep1_e0.075.fasta
    output: blast/rep1_e0.075.tsv
    jobid: 88
    benchmark: benchmarks/blast_rep1_e0.075.txt
    reason: Missing output files: benchmarks/blast_rep1_e0.075.txt, blast/rep1_e0.075.tsv; Input files updated by another job: ref_rep1.fasta.ndb, ref_rep1.fasta, query/rep1_e0.075.fasta
    wildcards: rep=1, er=0.075
    resources: tmpdir=/tmp


[Wed Nov  1 13:19:16 2023]
rule valik_split_query:
    input: query/rep1_e0.1.fasta
    output: meta/query_rep1_e0.1.txt
    jobid: 66
    reason: Input files updated by another job: query/rep1_e0.1.fasta
    wildcards: rep=1, er=0.1
    resources: tmpdir=/tmp


[Wed Nov  1 13:19:16 2023]
rule blast_search:
    input: ref_rep1.fasta, ref_rep1.fasta.ndb, query/rep1_e0.1.fasta
    output: blast/rep1_e0.1.tsv
    jobid: 89
    benchmark: benchmarks/blast_rep1_e0.1.txt
    reason: Missing output files: benchmarks/blast_rep1_e0.1.txt, blast/rep1_e0.1.tsv; Input files updated by another job: query/rep1_e0.1.fasta, ref_rep1.fasta.ndb, ref_rep1.fasta
    wildcards: rep=1, er=0.1
    resources: tmpdir=/tmp


[Wed Nov  1 13:19:16 2023]
rule valik_split_query:
    input: query/rep1_e0.fasta
    output: meta/query_rep1_e0.txt
    jobid: 54
    reason: Input files updated by another job: query/rep1_e0.fasta
    wildcards: rep=1, er=0
    resources: tmpdir=/tmp


[Wed Nov  1 13:19:16 2023]
rule valik_split_query:
    input: query/rep1_e0.05.fasta
    output: meta/query_rep1_e0.05.txt
    jobid: 60
    reason: Input files updated by another job: query/rep1_e0.05.fasta
    wildcards: rep=1, er=0.05
    resources: tmpdir=/tmp

[Wed Nov  1 13:19:16 2023]
Finished job 8.
11 of 100 steps (11%) done
[Wed Nov  1 13:19:16 2023]
Finished job 6.
12 of 100 steps (12%) done
[Wed Nov  1 13:19:16 2023]
Finished job 4.
13 of 100 steps (13%) done
[Wed Nov  1 13:19:16 2023]
Finished job 79.
14 of 100 steps (14%) done
[Wed Nov  1 13:19:16 2023]
Finished job 10.
15 of 100 steps (15%) done
[Wed Nov  1 13:19:16 2023]
Finished job 12.
16 of 100 steps (16%) done
Removing temporary output random_rep0.fasta.
Select jobs to execute...

[Wed Nov  1 13:19:16 2023]
rule stellar:
    input: ref_rep0.fasta, query/rep0_e0.fasta
    output: stellar/rep0_e0.gff
    jobid: 2
    benchmark: benchmarks/stellar_rep0_e0.txt
    reason: Missing output files: benchmarks/stellar_rep0_e0.txt; Input files updated by another job: query/rep0_e0.fasta, ref_rep0.fasta
    wildcards: rep=0, er=0
    resources: tmpdir=/tmp


[Wed Nov  1 13:19:16 2023]
rule blast_search:
    input: ref_rep1.fasta, ref_rep1.fasta.ndb, query/rep1_e0.fasta
    output: blast/rep1_e0.tsv
    jobid: 84
    benchmark: benchmarks/blast_rep1_e0.txt
    reason: Missing output files: benchmarks/blast_rep1_e0.txt, blast/rep1_e0.tsv; Input files updated by another job: query/rep1_e0.fasta, ref_rep1.fasta.ndb, ref_rep1.fasta
    wildcards: rep=1, er=0
    resources: tmpdir=/tmp


[Wed Nov  1 13:19:16 2023]
rule blast_search:
    input: ref_rep0.fasta, ref_rep0.fasta.ndb, query/rep0_e0.fasta
    output: blast/rep0_e0.tsv
    jobid: 78
    benchmark: benchmarks/blast_rep0_e0.txt
    reason: Missing output files: blast/rep0_e0.tsv, benchmarks/blast_rep0_e0.txt; Input files updated by another job: query/rep0_e0.fasta, ref_rep0.fasta.ndb, ref_rep0.fasta
    wildcards: rep=0, er=0
    resources: tmpdir=/tmp


[Wed Nov  1 13:19:17 2023]
rule valik_split_query:
    input: query/rep0_e0.075.fasta
    output: meta/query_rep0_e0.075.txt
    jobid: 47
    reason: Input files updated by another job: query/rep0_e0.075.fasta
    wildcards: rep=0, er=0.075
    resources: tmpdir=/tmp


[Wed Nov  1 13:19:17 2023]
rule valik_split_query:
    input: query/rep0_e0.025.fasta
    output: meta/query_rep0_e0.025.txt
    jobid: 41
    reason: Input files updated by another job: query/rep0_e0.025.fasta
    wildcards: rep=0, er=0.025
    resources: tmpdir=/tmp


[Wed Nov  1 13:19:17 2023]
rule blast_search:
    input: ref_rep0.fasta, ref_rep0.fasta.ndb, query/rep0_e0.05.fasta
    output: blast/rep0_e0.05.tsv
    jobid: 81
    benchmark: benchmarks/blast_rep0_e0.05.txt
    reason: Missing output files: benchmarks/blast_rep0_e0.05.txt, blast/rep0_e0.05.tsv; Input files updated by another job: ref_rep0.fasta.ndb, ref_rep0.fasta, query/rep0_e0.05.fasta
    wildcards: rep=0, er=0.05
    resources: tmpdir=/tmp

[Wed Nov  1 13:19:17 2023]
Finished job 66.
17 of 100 steps (17%) done
[Wed Nov  1 13:19:17 2023]
Finished job 54.
18 of 100 steps (18%) done
[Wed Nov  1 13:19:17 2023]
Finished job 60.
19 of 100 steps (19%) done
Select jobs to execute...

[Wed Nov  1 13:19:17 2023]
rule blast_search:
    input: ref_rep0.fasta, ref_rep0.fasta.ndb, query/rep0_e0.075.fasta
    output: blast/rep0_e0.075.tsv
    jobid: 82
    benchmark: benchmarks/blast_rep0_e0.075.txt
    reason: Missing output files: benchmarks/blast_rep0_e0.075.txt, blast/rep0_e0.075.tsv; Input files updated by another job: query/rep0_e0.075.fasta, ref_rep0.fasta, ref_rep0.fasta.ndb
    wildcards: rep=0, er=0.075
    resources: tmpdir=/tmp


[Wed Nov  1 13:19:17 2023]
rule valik_split_query:
    input: query/rep1_e0.075.fasta
    output: meta/query_rep1_e0.075.txt
    jobid: 63
    reason: Input files updated by another job: query/rep1_e0.075.fasta
    wildcards: rep=1, er=0.075
    resources: tmpdir=/tmp


[Wed Nov  1 13:19:17 2023]
rule stellar:
    input: ref_rep0.fasta, query/rep0_e0.1.fasta
    output: stellar/rep0_e0.1.gff
    jobid: 11
    benchmark: benchmarks/stellar_rep0_e0.1.txt
    reason: Missing output files: benchmarks/stellar_rep0_e0.1.txt; Input files updated by another job: query/rep0_e0.1.fasta, ref_rep0.fasta
    wildcards: rep=0, er=0.1
    resources: tmpdir=/tmp

[Wed Nov  1 13:19:17 2023]
Finished job 47.
20 of 100 steps (20%) done
[Wed Nov  1 13:19:17 2023]
Finished job 41.
21 of 100 steps (21%) done
Select jobs to execute...

[Wed Nov  1 13:19:17 2023]
rule valik_split_query:
    input: query/rep0_e0.05.fasta
    output: meta/query_rep0_e0.05.txt
    jobid: 44
    reason: Input files updated by another job: query/rep0_e0.05.fasta
    wildcards: rep=0, er=0.05
    resources: tmpdir=/tmp


[Wed Nov  1 13:19:17 2023]
rule stellar:
    input: ref_rep0.fasta, query/rep0_e0.025.fasta
    output: stellar/rep0_e0.025.gff
    jobid: 5
    benchmark: benchmarks/stellar_rep0_e0.025.txt
    reason: Input files updated by another job: ref_rep0.fasta, query/rep0_e0.025.fasta
    wildcards: rep=0, er=0.025
    resources: tmpdir=/tmp

[Wed Nov  1 13:19:17 2023]
Finished job 63.
22 of 100 steps (22%) done
Select jobs to execute...

[Wed Nov  1 13:19:17 2023]
rule stellar:
    input: ref_rep0.fasta, query/rep0_e0.05.fasta
    output: stellar/rep0_e0.05.gff
    jobid: 7
    benchmark: benchmarks/stellar_rep0_e0.05.txt
    reason: Input files updated by another job: ref_rep0.fasta, query/rep0_e0.05.fasta
    wildcards: rep=0, er=0.05
    resources: tmpdir=/tmp

[Wed Nov  1 13:19:17 2023]
Finished job 44.
23 of 100 steps (23%) done
Select jobs to execute...

[Wed Nov  1 13:19:17 2023]
rule stellar:
    input: ref_rep1.fasta, query/rep1_e0.025.fasta
    output: stellar/rep1_e0.025.gff
    jobid: 16
    benchmark: benchmarks/stellar_rep1_e0.025.txt
    reason: Input files updated by another job: query/rep1_e0.025.fasta, ref_rep1.fasta
    wildcards: rep=1, er=0.025
    resources: tmpdir=/tmp

Select jobs to execute...
[Wed Nov  1 13:19:19 2023]
Finished job 89.
24 of 100 steps (24%) done

[Wed Nov  1 13:19:19 2023]
rule blast_accuracy:
    input: blast/rep1_e0.1.tsv, ground_truth/rep1_e0.1.tsv
    output: evaluation/blast_rep1_e0.1.tsv
    jobid: 99
    reason: Missing output files: evaluation/blast_rep1_e0.1.tsv; Input files updated by another job: blast/rep1_e0.1.tsv, ground_truth/rep1_e0.1.tsv
    wildcards: rep=1, er=0.1
    resources: tmpdir=/tmp

[Wed Nov  1 13:19:19 2023]
Finished job 88.
25 of 100 steps (25%) done
Select jobs to execute...

[Wed Nov  1 13:19:19 2023]
rule blast_search:
    input: ref_rep0.fasta, ref_rep0.fasta.ndb, query/rep0_e0.025.fasta
    output: blast/rep0_e0.025.tsv
    jobid: 80
    benchmark: benchmarks/blast_rep0_e0.025.txt
    reason: Input files updated by another job: ref_rep0.fasta.ndb, ref_rep0.fasta, query/rep0_e0.025.fasta
    wildcards: rep=0, er=0.025
    resources: tmpdir=/tmp

[Wed Nov  1 13:19:19 2023]
Finished job 87.
26 of 100 steps (26%) done
Select jobs to execute...

[Wed Nov  1 13:19:19 2023]
rule stellar:
    input: ref_rep0.fasta, query/rep0_e0.075.fasta
    output: stellar/rep0_e0.075.gff
    jobid: 9
    benchmark: benchmarks/stellar_rep0_e0.075.txt
    reason: Input files updated by another job: query/rep0_e0.075.fasta, ref_rep0.fasta
    wildcards: rep=0, er=0.075
    resources: tmpdir=/tmp

[Wed Nov  1 13:19:20 2023]
Finished job 82.
27 of 100 steps (27%) done
Select jobs to execute...

[Wed Nov  1 13:19:20 2023]
rule valik_split_query:
    input: query/rep0_e0.fasta
    output: meta/query_rep0_e0.txt
    jobid: 38
    reason: Input files updated by another job: query/rep0_e0.fasta
    wildcards: rep=0, er=0
    resources: tmpdir=/tmp

[Wed Nov  1 13:19:20 2023]
Finished job 81.
28 of 100 steps (28%) done
Select jobs to execute...

[Wed Nov  1 13:19:20 2023]
rule blast_accuracy:
    input: blast/rep0_e0.05.tsv, ground_truth/rep0_e0.05.tsv
    output: evaluation/blast_rep0_e0.05.tsv
    jobid: 92
    reason: Missing output files: evaluation/blast_rep0_e0.05.tsv; Input files updated by another job: ground_truth/rep0_e0.05.tsv, blast/rep0_e0.05.tsv
    wildcards: rep=0, er=0.05
    resources: tmpdir=/tmp

[Wed Nov  1 13:19:20 2023]
Finished job 84.
29 of 100 steps (29%) done
Select jobs to execute...

[Wed Nov  1 13:19:20 2023]
rule blast_accuracy:
    input: blast/rep1_e0.075.tsv, ground_truth/rep1_e0.075.tsv
    output: evaluation/blast_rep1_e0.075.tsv
    jobid: 98
    reason: Missing output files: evaluation/blast_rep1_e0.075.tsv; Input files updated by another job: ground_truth/rep1_e0.075.tsv, blast/rep1_e0.075.tsv
    wildcards: rep=1, er=0.075
    resources: tmpdir=/tmp

[Wed Nov  1 13:19:20 2023]
Finished job 38.
30 of 100 steps (30%) done
Select jobs to execute...

[Wed Nov  1 13:19:20 2023]
rule blast_search:
    input: ref_rep0.fasta, ref_rep0.fasta.ndb, query/rep0_e0.1.fasta
    output: blast/rep0_e0.1.tsv
    jobid: 83
    benchmark: benchmarks/blast_rep0_e0.1.txt
    reason: Missing output files: benchmarks/blast_rep0_e0.1.txt, blast/rep0_e0.1.tsv; Input files updated by another job: query/rep0_e0.1.fasta, ref_rep0.fasta, ref_rep0.fasta.ndb
    wildcards: rep=0, er=0.1
    resources: tmpdir=/tmp

[Wed Nov  1 13:19:20 2023]
Finished job 78.
31 of 100 steps (31%) done
Select jobs to execute...

[Wed Nov  1 13:19:20 2023]
rule blast_accuracy:
    input: blast/rep0_e0.tsv, ground_truth/rep0_e0.tsv
    output: evaluation/blast_rep0_e0.tsv
    jobid: 90
    reason: Missing output files: evaluation/blast_rep0_e0.tsv; Input files updated by another job: blast/rep0_e0.tsv, ground_truth/rep0_e0.tsv
    wildcards: rep=0, er=0
    resources: tmpdir=/tmp

[Wed Nov  1 13:19:22 2023]
Finished job 80.
32 of 100 steps (32%) done
Select jobs to execute...

[Wed Nov  1 13:19:22 2023]
rule blast_accuracy:
    input: blast/rep0_e0.075.tsv, ground_truth/rep0_e0.075.tsv
    output: evaluation/blast_rep0_e0.075.tsv
    jobid: 93
    reason: Missing output files: evaluation/blast_rep0_e0.075.tsv; Input files updated by another job: blast/rep0_e0.075.tsv, ground_truth/rep0_e0.075.tsv
    wildcards: rep=0, er=0.075
    resources: tmpdir=/tmp

[Wed Nov  1 13:19:22 2023]
Finished job 83.
33 of 100 steps (33%) done
Select jobs to execute...

[Wed Nov  1 13:19:23 2023]
rule valik_split_query:
    input: query/rep0_e0.1.fasta
    output: meta/query_rep0_e0.1.txt
    jobid: 50
    reason: Input files updated by another job: query/rep0_e0.1.fasta
    wildcards: rep=0, er=0.1
    resources: tmpdir=/tmp

[Wed Nov  1 13:19:23 2023]
Finished job 50.
34 of 100 steps (34%) done
Select jobs to execute...

[Wed Nov  1 13:19:23 2023]
rule blast_search:
    input: ref_rep1.fasta, ref_rep1.fasta.ndb, query/rep1_e0.025.fasta
    output: blast/rep1_e0.025.tsv
    jobid: 86
    benchmark: benchmarks/blast_rep1_e0.025.txt
    reason: Input files updated by another job: ref_rep1.fasta.ndb, query/rep1_e0.025.fasta, ref_rep1.fasta
    wildcards: rep=1, er=0.025
    resources: tmpdir=/tmp

[Wed Nov  1 13:19:24 2023]
Finished job 5.
35 of 100 steps (35%) done
Select jobs to execute...

[Wed Nov  1 13:19:24 2023]
rule blast_accuracy:
    input: blast/rep0_e0.025.tsv, ground_truth/rep0_e0.025.tsv
    output: evaluation/blast_rep0_e0.025.tsv
    jobid: 91
    reason: Input files updated by another job: blast/rep0_e0.025.tsv, ground_truth/rep0_e0.025.tsv
    wildcards: rep=0, er=0.025
    resources: tmpdir=/tmp

[Wed Nov  1 13:19:24 2023]
Finished job 16.
36 of 100 steps (36%) done
Select jobs to execute...

[Wed Nov  1 13:19:24 2023]
rule stellar_accuracy:
    input: stellar/rep1_e0.025.gff, ground_truth/rep1_e0.025.tsv
    output: evaluation/stellar_rep1_e0.025.tsv
    jobid: 30
    reason: Input files updated by another job: ground_truth/rep1_e0.025.tsv, stellar/rep1_e0.025.gff
    wildcards: rep=1, er=0.025
    resources: tmpdir=/tmp

[Wed Nov  1 13:19:25 2023]
Finished job 18.
37 of 100 steps (37%) done
Select jobs to execute...

[Wed Nov  1 13:19:25 2023]
rule blast_accuracy:
    input: blast/rep0_e0.1.tsv, ground_truth/rep0_e0.1.tsv
    output: evaluation/blast_rep0_e0.1.tsv
    jobid: 94
    reason: Missing output files: evaluation/blast_rep0_e0.1.tsv; Input files updated by another job: ground_truth/rep0_e0.1.tsv, blast/rep0_e0.1.tsv
    wildcards: rep=0, er=0.1
    resources: tmpdir=/tmp

[Wed Nov  1 13:19:26 2023]
Finished job 86.
38 of 100 steps (38%) done
Select jobs to execute...

[Wed Nov  1 13:19:26 2023]
rule blast_accuracy:
    input: blast/rep1_e0.05.tsv, ground_truth/rep1_e0.05.tsv
    output: evaluation/blast_rep1_e0.05.tsv
    jobid: 97
    reason: Missing output files: evaluation/blast_rep1_e0.05.tsv; Input files updated by another job: blast/rep1_e0.05.tsv, ground_truth/rep1_e0.05.tsv
    wildcards: rep=1, er=0.05
    resources: tmpdir=/tmp

[Wed Nov  1 13:19:27 2023]
Finished job 7.
39 of 100 steps (39%) done
Select jobs to execute...

[Wed Nov  1 13:19:27 2023]
rule valik_split_query:
    input: query/rep1_e0.025.fasta
    output: meta/query_rep1_e0.025.txt
    jobid: 57
    reason: Input files updated by another job: query/rep1_e0.025.fasta
    wildcards: rep=1, er=0.025
    resources: tmpdir=/tmp

[Wed Nov  1 13:19:28 2023]
Finished job 57.
40 of 100 steps (40%) done
Select jobs to execute...

[Wed Nov  1 13:19:28 2023]
rule stellar_accuracy:
    input: stellar/rep0_e0.025.gff, ground_truth/rep0_e0.025.tsv
    output: evaluation/stellar_rep0_e0.025.tsv
    jobid: 25
    reason: Input files updated by another job: ground_truth/rep0_e0.025.tsv, stellar/rep0_e0.025.gff
    wildcards: rep=0, er=0.025
    resources: tmpdir=/tmp

[Wed Nov  1 13:19:30 2023]
Finished job 91.
41 of 100 steps (41%) done
Select jobs to execute...

[Wed Nov  1 13:19:30 2023]
rule stellar_accuracy:
    input: stellar/rep0_e0.05.gff, ground_truth/rep0_e0.05.tsv
    output: evaluation/stellar_rep0_e0.05.tsv
    jobid: 26
    reason: Missing output files: evaluation/stellar_rep0_e0.05.tsv; Input files updated by another job: ground_truth/rep0_e0.05.tsv, stellar/rep0_e0.05.gff
    wildcards: rep=0, er=0.05
    resources: tmpdir=/tmp

[Wed Nov  1 13:19:30 2023]
Finished job 90.
42 of 100 steps (42%) done
Select jobs to execute...

[Wed Nov  1 13:19:31 2023]
rule stellar_accuracy:
    input: stellar/rep1_e0.05.gff, ground_truth/rep1_e0.05.tsv
    output: evaluation/stellar_rep1_e0.05.tsv
    jobid: 31
    reason: Missing output files: evaluation/stellar_rep1_e0.05.tsv; Input files updated by another job: stellar/rep1_e0.05.gff, ground_truth/rep1_e0.05.tsv
    wildcards: rep=1, er=0.05
    resources: tmpdir=/tmp

[Wed Nov  1 13:19:31 2023]
Finished job 99.
43 of 100 steps (43%) done
Select jobs to execute...

[Wed Nov  1 13:19:31 2023]
rule blast_accuracy:
    input: blast/rep1_e0.tsv, ground_truth/rep1_e0.tsv
    output: evaluation/blast_rep1_e0.tsv
    jobid: 95
    reason: Missing output files: evaluation/blast_rep1_e0.tsv; Input files updated by another job: ground_truth/rep1_e0.tsv, blast/rep1_e0.tsv
    wildcards: rep=1, er=0
    resources: tmpdir=/tmp

[Wed Nov  1 13:19:32 2023]
Finished job 92.
44 of 100 steps (44%) done
Select jobs to execute...

[Wed Nov  1 13:19:32 2023]
rule blast_accuracy:
    input: blast/rep1_e0.025.tsv, ground_truth/rep1_e0.025.tsv
    output: evaluation/blast_rep1_e0.025.tsv
    jobid: 96
    reason: Input files updated by another job: ground_truth/rep1_e0.025.tsv, blast/rep1_e0.025.tsv
    wildcards: rep=1, er=0.025
    resources: tmpdir=/tmp

[Wed Nov  1 13:19:32 2023]
Finished job 98.
45 of 100 steps (45%) done
Select jobs to execute...
[Wed Nov  1 13:19:34 2023]
Finished job 25.
46 of 100 steps (46%) done
[Wed Nov  1 13:19:35 2023]
Finished job 30.
47 of 100 steps (47%) done
[Wed Nov  1 13:19:35 2023]
Finished job 93.
48 of 100 steps (48%) done
[Wed Nov  1 13:19:38 2023]
Finished job 97.
49 of 100 steps (49%) done
[Wed Nov  1 13:19:39 2023]
Finished job 94.
50 of 100 steps (50%) done
[Wed Nov  1 13:19:40 2023]
Finished job 26.
51 of 100 steps (51%) done
[Wed Nov  1 13:19:40 2023]
Finished job 31.
52 of 100 steps (52%) done
[Wed Nov  1 13:19:41 2023]
Finished job 95.
53 of 100 steps (53%) done
[Wed Nov  1 13:19:42 2023]
Finished job 96.
54 of 100 steps (54%) done

[Wed Nov  1 13:19:42 2023]
rule blast_table1:
    input: benchmarks/blast_rep0_e0.txt, benchmarks/blast_rep0_e0.025.txt, benchmarks/blast_rep0_e0.05.txt, benchmarks/blast_rep0_e0.075.txt, benchmarks/blast_rep0_e0.1.txt, benchmarks/blast_rep1_e0.txt, benchmarks/blast_rep1_e0.025.txt, benchmarks/blast_rep1_e0.05.txt, benchmarks/blast_rep1_e0.075.txt, benchmarks/blast_rep1_e0.1.txt, evaluation/blast_rep0_e0.tsv, evaluation/blast_rep0_e0.025.tsv, evaluation/blast_rep0_e0.05.tsv, evaluation/blast_rep0_e0.075.tsv, evaluation/blast_rep0_e0.1.tsv, evaluation/blast_rep1_e0.tsv, evaluation/blast_rep1_e0.025.tsv, evaluation/blast_rep1_e0.05.tsv, evaluation/blast_rep1_e0.075.tsv, evaluation/blast_rep1_e0.1.tsv
    output: blast_table1.tsv
    jobid: 77
    reason: Input files updated by another job: benchmarks/blast_rep1_e0.1.txt, evaluation/blast_rep1_e0.1.tsv, benchmarks/blast_rep0_e0.025.txt, benchmarks/blast_rep1_e0.025.txt, evaluation/blast_rep0_e0.1.tsv, benchmarks/blast_rep0_e0.05.txt, evaluation/blast_rep1_e0.025.tsv, benchmarks/blast_rep0_e0.1.txt, benchmarks/blast_rep0_e0.txt, evaluation/blast_rep0_e0.025.tsv, evaluation/blast_rep0_e0.05.tsv, evaluation/blast_rep0_e0.075.tsv, benchmarks/blast_rep1_e0.txt, evaluation/blast_rep1_e0.075.tsv, benchmarks/blast_rep1_e0.075.txt, evaluation/blast_rep1_e0.tsv, benchmarks/blast_rep1_e0.05.txt, benchmarks/blast_rep0_e0.075.txt, evaluation/blast_rep0_e0.tsv, evaluation/blast_rep1_e0.05.tsv
    resources: tmpdir=/tmp

[Wed Nov  1 13:19:43 2023]
Finished job 77.
55 of 100 steps (55%) done
Select jobs to execute...
[Wed Nov  1 13:19:47 2023]
Finished job 9.
56 of 100 steps (56%) done

[Wed Nov  1 13:19:48 2023]
rule stellar_accuracy:
    input: stellar/rep0_e0.075.gff, ground_truth/rep0_e0.075.tsv
    output: evaluation/stellar_rep0_e0.075.tsv
    jobid: 27
    reason: Missing output files: evaluation/stellar_rep0_e0.075.tsv; Input files updated by another job: stellar/rep0_e0.075.gff, ground_truth/rep0_e0.075.tsv
    wildcards: rep=0, er=0.075
    resources: tmpdir=/tmp

[Wed Nov  1 13:19:48 2023]
Finished job 20.
57 of 100 steps (57%) done
Select jobs to execute...

[Wed Nov  1 13:19:48 2023]
rule stellar_accuracy:
    input: stellar/rep1_e0.075.gff, ground_truth/rep1_e0.075.tsv
    output: evaluation/stellar_rep1_e0.075.tsv
    jobid: 32
    reason: Missing output files: evaluation/stellar_rep1_e0.075.tsv; Input files updated by another job: stellar/rep1_e0.075.gff, ground_truth/rep1_e0.075.tsv
    wildcards: rep=1, er=0.075
    resources: tmpdir=/tmp

[Wed Nov  1 13:19:58 2023]
Finished job 27.
58 of 100 steps (58%) done
Select jobs to execute...
[Wed Nov  1 13:19:59 2023]
Finished job 32.
59 of 100 steps (59%) done
[Wed Nov  1 14:15:05 2023]
Finished job 22.
60 of 100 steps (60%) done

[Wed Nov  1 14:15:05 2023]
rule stellar_accuracy:
    input: stellar/rep1_e0.1.gff, ground_truth/rep1_e0.1.tsv
    output: evaluation/stellar_rep1_e0.1.tsv
    jobid: 33
    reason: Missing output files: evaluation/stellar_rep1_e0.1.tsv; Input files updated by another job: stellar/rep1_e0.1.gff, ground_truth/rep1_e0.1.tsv
    wildcards: rep=1, er=0.1
    resources: tmpdir=/tmp

[Wed Nov  1 14:15:12 2023]
Finished job 33.
61 of 100 steps (61%) done
Select jobs to execute...
[Wed Nov  1 14:15:48 2023]
Finished job 11.
62 of 100 steps (62%) done

[Wed Nov  1 14:15:48 2023]
rule stellar_accuracy:
    input: stellar/rep0_e0.1.gff, ground_truth/rep0_e0.1.tsv
    output: evaluation/stellar_rep0_e0.1.tsv
    jobid: 28
    reason: Missing output files: evaluation/stellar_rep0_e0.1.tsv; Input files updated by another job: ground_truth/rep0_e0.1.tsv, stellar/rep0_e0.1.gff
    wildcards: rep=0, er=0.1
    resources: tmpdir=/tmp

[Wed Nov  1 14:15:55 2023]
Finished job 28.
63 of 100 steps (63%) done
Select jobs to execute...
[Wed Nov  1 15:05:48 2023]
Finished job 2.
64 of 100 steps (64%) done

[Wed Nov  1 15:05:48 2023]
rule stellar_accuracy:
    input: stellar/rep0_e0.gff, ground_truth/rep0_e0.tsv
    output: evaluation/stellar_rep0_e0.tsv
    jobid: 24
    reason: Missing output files: evaluation/stellar_rep0_e0.tsv; Input files updated by another job: ground_truth/rep0_e0.tsv, stellar/rep0_e0.gff
    wildcards: rep=0, er=0
    resources: tmpdir=/tmp

[Wed Nov  1 15:05:56 2023]
Finished job 24.
65 of 100 steps (65%) done
Select jobs to execute...
[Wed Nov  1 15:06:43 2023]
Finished job 13.
66 of 100 steps (66%) done

[Wed Nov  1 15:06:43 2023]
rule valik_build:
    input: ref_rep0.fasta, meta/ref_rep0.txt
    output: rep0_e0.05.index
    jobid: 43
    benchmark: benchmarks/valik_build_rep0_e0.05.txt
    reason: Input files updated by another job: ref_rep0.fasta, meta/ref_rep0.txt
    wildcards: rep=0, er=0.05
    threads: 16
    resources: tmpdir=/tmp

[Wed Nov  1 15:06:44 2023]
Finished job 43.
67 of 100 steps (67%) done
Select jobs to execute...

[Wed Nov  1 15:06:44 2023]
rule valik_search:
    input: rep0_e0.05.index, query/rep0_e0.05.fasta, meta/query_rep0_e0.05.txt, meta/ref_rep0.txt
    output: valik/rep0_e0.05.gff
    jobid: 42
    benchmark: benchmarks/valik_rep0_e0.05.txt
    reason: Input files updated by another job: meta/query_rep0_e0.05.txt, rep0_e0.05.index, query/rep0_e0.05.fasta, meta/ref_rep0.txt
    wildcards: rep=0, er=0.05
    threads: 16
    resources: tmpdir=/tmp

[Wed Nov  1 15:08:45 2023]
Finished job 42.
68 of 100 steps (68%) done
Select jobs to execute...

[Wed Nov  1 15:08:45 2023]
rule valik_build:
    input: ref_rep0.fasta, meta/ref_rep0.txt
    output: rep0_e0.1.index
    jobid: 49
    benchmark: benchmarks/valik_build_rep0_e0.1.txt
    reason: Input files updated by another job: ref_rep0.fasta, meta/ref_rep0.txt
    wildcards: rep=0, er=0.1
    threads: 16
    resources: tmpdir=/tmp

[Wed Nov  1 15:08:46 2023]
Finished job 49.
69 of 100 steps (69%) done
Select jobs to execute...

[Wed Nov  1 15:08:46 2023]
rule valik_build:
    input: ref_rep1.fasta, meta/ref_rep1.txt
    output: rep1_e0.025.index
    jobid: 56
    benchmark: benchmarks/valik_build_rep1_e0.025.txt
    reason: Input files updated by another job: ref_rep1.fasta, meta/ref_rep1.txt
    wildcards: rep=1, er=0.025
    threads: 16
    resources: tmpdir=/tmp

[Wed Nov  1 15:08:47 2023]
Finished job 56.
70 of 100 steps (70%) done
Select jobs to execute...

[Wed Nov  1 15:08:47 2023]
rule valik_search:
    input: rep1_e0.025.index, query/rep1_e0.025.fasta, meta/query_rep1_e0.025.txt, meta/ref_rep1.txt
    output: valik/rep1_e0.025.gff
    jobid: 55
    benchmark: benchmarks/valik_rep1_e0.025.txt
    reason: Input files updated by another job: rep1_e0.025.index, query/rep1_e0.025.fasta, meta/ref_rep1.txt, meta/query_rep1_e0.025.txt
    wildcards: rep=1, er=0.025
    threads: 16
    resources: tmpdir=/tmp

[Wed Nov  1 15:10:51 2023]
Finished job 55.
71 of 100 steps (71%) done
Select jobs to execute...

[Wed Nov  1 15:10:51 2023]
rule valik_build:
    input: ref_rep1.fasta, meta/ref_rep1.txt
    output: rep1_e0.075.index
    jobid: 62
    benchmark: benchmarks/valik_build_rep1_e0.075.txt
    reason: Input files updated by another job: ref_rep1.fasta, meta/ref_rep1.txt
    wildcards: rep=1, er=0.075
    threads: 16
    resources: tmpdir=/tmp

[Wed Nov  1 15:10:52 2023]
Finished job 62.
72 of 100 steps (72%) done
Select jobs to execute...

[Wed Nov  1 15:10:52 2023]
rule valik_search:
    input: rep0_e0.1.index, query/rep0_e0.1.fasta, meta/query_rep0_e0.1.txt, meta/ref_rep0.txt
    output: valik/rep0_e0.1.gff
    jobid: 48
    benchmark: benchmarks/valik_rep0_e0.1.txt
    reason: Input files updated by another job: rep0_e0.1.index, query/rep0_e0.1.fasta, meta/ref_rep0.txt, meta/query_rep0_e0.1.txt
    wildcards: rep=0, er=0.1
    threads: 16
    resources: tmpdir=/tmp

[Wed Nov  1 15:15:17 2023]
Finished job 48.
73 of 100 steps (73%) done
Select jobs to execute...

[Wed Nov  1 15:15:17 2023]
rule valik_build:
    input: ref_rep1.fasta, meta/ref_rep1.txt
    output: rep1_e0.index
    jobid: 52
    benchmark: benchmarks/valik_build_rep1_e0.txt
    reason: Input files updated by another job: ref_rep1.fasta, meta/ref_rep1.txt
    wildcards: rep=1, er=0
    threads: 16
    resources: tmpdir=/tmp

[Wed Nov  1 15:15:18 2023]
Finished job 52.
74 of 100 steps (74%) done
Select jobs to execute...

[Wed Nov  1 15:15:18 2023]
rule valik_search:
    input: rep1_e0.075.index, query/rep1_e0.075.fasta, meta/query_rep1_e0.075.txt, meta/ref_rep1.txt
    output: valik/rep1_e0.075.gff
    jobid: 61
    benchmark: benchmarks/valik_rep1_e0.075.txt
    reason: Input files updated by another job: meta/query_rep1_e0.075.txt, meta/ref_rep1.txt, query/rep1_e0.075.fasta, rep1_e0.075.index
    wildcards: rep=1, er=0.075
    threads: 16
    resources: tmpdir=/tmp

[Wed Nov  1 15:16:30 2023]
Finished job 61.
75 of 100 steps (75%) done
Select jobs to execute...

[Wed Nov  1 15:16:30 2023]
rule valik_build:
    input: ref_rep0.fasta, meta/ref_rep0.txt
    output: rep0_e0.index
    jobid: 36
    benchmark: benchmarks/valik_build_rep0_e0.txt
    reason: Input files updated by another job: ref_rep0.fasta, meta/ref_rep0.txt
    wildcards: rep=0, er=0
    threads: 16
    resources: tmpdir=/tmp

[Wed Nov  1 15:16:31 2023]
Finished job 36.
76 of 100 steps (76%) done
Select jobs to execute...

[Wed Nov  1 15:16:31 2023]
rule valik_build:
    input: ref_rep1.fasta, meta/ref_rep1.txt
    output: rep1_e0.05.index
    jobid: 59
    benchmark: benchmarks/valik_build_rep1_e0.05.txt
    reason: Input files updated by another job: ref_rep1.fasta, meta/ref_rep1.txt
    wildcards: rep=1, er=0.05
    threads: 16
    resources: tmpdir=/tmp

[Wed Nov  1 15:16:31 2023]
Finished job 59.
77 of 100 steps (77%) done
Select jobs to execute...

[Wed Nov  1 15:16:31 2023]
rule valik_search:
    input: rep0_e0.index, query/rep0_e0.fasta, meta/query_rep0_e0.txt, meta/ref_rep0.txt
    output: valik/rep0_e0.gff
    jobid: 35
    benchmark: benchmarks/valik_rep0_e0.txt
    reason: Input files updated by another job: query/rep0_e0.fasta, meta/ref_rep0.txt, meta/query_rep0_e0.txt, rep0_e0.index
    wildcards: rep=0, er=0
    threads: 16
    resources: tmpdir=/tmp

[Wed Nov  1 15:26:24 2023]
Finished job 35.
78 of 100 steps (78%) done
Select jobs to execute...

[Wed Nov  1 15:26:24 2023]
rule valik_build:
    input: ref_rep1.fasta, meta/ref_rep1.txt
    output: rep1_e0.1.index
    jobid: 65
    benchmark: benchmarks/valik_build_rep1_e0.1.txt
    reason: Input files updated by another job: ref_rep1.fasta, meta/ref_rep1.txt
    wildcards: rep=1, er=0.1
    threads: 16
    resources: tmpdir=/tmp

[Wed Nov  1 15:26:24 2023]
Finished job 65.
79 of 100 steps (79%) done
Select jobs to execute...

[Wed Nov  1 15:26:24 2023]
rule valik_build:
    input: ref_rep0.fasta, meta/ref_rep0.txt
    output: rep0_e0.075.index
    jobid: 46
    benchmark: benchmarks/valik_build_rep0_e0.075.txt
    reason: Input files updated by another job: ref_rep0.fasta, meta/ref_rep0.txt
    wildcards: rep=0, er=0.075
    threads: 16
    resources: tmpdir=/tmp

[Wed Nov  1 15:26:25 2023]
Finished job 46.
80 of 100 steps (80%) done
Select jobs to execute...

[Wed Nov  1 15:26:25 2023]
rule valik_search:
    input: rep0_e0.075.index, query/rep0_e0.075.fasta, meta/query_rep0_e0.075.txt, meta/ref_rep0.txt
    output: valik/rep0_e0.075.gff
    jobid: 45
    benchmark: benchmarks/valik_rep0_e0.075.txt
    reason: Input files updated by another job: rep0_e0.075.index, query/rep0_e0.075.fasta, meta/ref_rep0.txt, meta/query_rep0_e0.075.txt
    wildcards: rep=0, er=0.075
    threads: 16
    resources: tmpdir=/tmp

[Wed Nov  1 15:27:35 2023]
Finished job 45.
81 of 100 steps (81%) done
Select jobs to execute...

[Wed Nov  1 15:27:35 2023]
rule valik_search:
    input: rep1_e0.index, query/rep1_e0.fasta, meta/query_rep1_e0.txt, meta/ref_rep1.txt
    output: valik/rep1_e0.gff
    jobid: 51
    benchmark: benchmarks/valik_rep1_e0.txt
    reason: Input files updated by another job: query/rep1_e0.fasta, meta/query_rep1_e0.txt, meta/ref_rep1.txt, rep1_e0.index
    wildcards: rep=1, er=0
    threads: 16
    resources: tmpdir=/tmp

[Wed Nov  1 15:37:27 2023]
Finished job 51.
82 of 100 steps (82%) done
Select jobs to execute...

[Wed Nov  1 15:37:27 2023]
rule valik_search:
    input: rep1_e0.05.index, query/rep1_e0.05.fasta, meta/query_rep1_e0.05.txt, meta/ref_rep1.txt
    output: valik/rep1_e0.05.gff
    jobid: 58
    benchmark: benchmarks/valik_rep1_e0.05.txt
    reason: Input files updated by another job: query/rep1_e0.05.fasta, rep1_e0.05.index, meta/ref_rep1.txt, meta/query_rep1_e0.05.txt
    wildcards: rep=1, er=0.05
    threads: 16
    resources: tmpdir=/tmp

[Wed Nov  1 15:39:18 2023]
Finished job 58.
83 of 100 steps (83%) done
Select jobs to execute...

[Wed Nov  1 15:39:18 2023]
rule valik_build:
    input: ref_rep0.fasta, meta/ref_rep0.txt
    output: rep0_e0.025.index
    jobid: 40
    benchmark: benchmarks/valik_build_rep0_e0.025.txt
    reason: Input files updated by another job: ref_rep0.fasta, meta/ref_rep0.txt
    wildcards: rep=0, er=0.025
    threads: 16
    resources: tmpdir=/tmp

[Wed Nov  1 15:39:18 2023]
Finished job 40.
84 of 100 steps (84%) done
Select jobs to execute...

[Wed Nov  1 15:39:18 2023]
rule valik_search:
    input: rep1_e0.1.index, query/rep1_e0.1.fasta, meta/query_rep1_e0.1.txt, meta/ref_rep1.txt
    output: valik/rep1_e0.1.gff
    jobid: 64
    benchmark: benchmarks/valik_rep1_e0.1.txt
    reason: Input files updated by another job: rep1_e0.1.index, query/rep1_e0.1.fasta, meta/ref_rep1.txt, meta/query_rep1_e0.1.txt
    wildcards: rep=1, er=0.1
    threads: 16
    resources: tmpdir=/tmp

[Wed Nov  1 15:43:42 2023]
Finished job 64.
85 of 100 steps (85%) done
Select jobs to execute...

[Wed Nov  1 15:43:42 2023]
rule valik_search:
    input: rep0_e0.025.index, query/rep0_e0.025.fasta, meta/query_rep0_e0.025.txt, meta/ref_rep0.txt
    output: valik/rep0_e0.025.gff
    jobid: 39
    benchmark: benchmarks/valik_rep0_e0.025.txt
    reason: Input files updated by another job: meta/ref_rep0.txt, query/rep0_e0.025.fasta, meta/query_rep0_e0.025.txt, rep0_e0.025.index
    wildcards: rep=0, er=0.025
    threads: 16
    resources: tmpdir=/tmp

[Wed Nov  1 15:45:24 2023]
Finished job 39.
86 of 100 steps (86%) done
Select jobs to execute...

[Wed Nov  1 15:45:24 2023]
rule dream_accuracy:
    input: valik/rep1_e0.gff, ground_truth/rep1_e0.tsv
    output: evaluation/valik_rep1_e0.tsv
    jobid: 72
    reason: Input files updated by another job: ground_truth/rep1_e0.tsv, valik/rep1_e0.gff
    wildcards: rep=1, er=0
    resources: tmpdir=/tmp


[Wed Nov  1 15:45:24 2023]
rule dream_accuracy:
    input: valik/rep1_e0.05.gff, ground_truth/rep1_e0.05.tsv
    output: evaluation/valik_rep1_e0.05.tsv
    jobid: 74
    reason: Input files updated by another job: ground_truth/rep1_e0.05.tsv, valik/rep1_e0.05.gff
    wildcards: rep=1, er=0.05
    resources: tmpdir=/tmp


[Wed Nov  1 15:45:24 2023]
rule dream_accuracy:
    input: valik/rep0_e0.025.gff, ground_truth/rep0_e0.025.tsv
    output: evaluation/valik_rep0_e0.025.tsv
    jobid: 68
    reason: Input files updated by another job: ground_truth/rep0_e0.025.tsv, valik/rep0_e0.025.gff
    wildcards: rep=0, er=0.025
    resources: tmpdir=/tmp


[Wed Nov  1 15:45:24 2023]
rule dream_accuracy:
    input: valik/rep1_e0.1.gff, ground_truth/rep1_e0.1.tsv
    output: evaluation/valik_rep1_e0.1.tsv
    jobid: 76
    reason: Input files updated by another job: valik/rep1_e0.1.gff, ground_truth/rep1_e0.1.tsv
    wildcards: rep=1, er=0.1
    resources: tmpdir=/tmp


[Wed Nov  1 15:45:24 2023]
rule dream_accuracy:
    input: valik/rep0_e0.05.gff, ground_truth/rep0_e0.05.tsv
    output: evaluation/valik_rep0_e0.05.tsv
    jobid: 69
    reason: Input files updated by another job: ground_truth/rep0_e0.05.tsv, valik/rep0_e0.05.gff
    wildcards: rep=0, er=0.05
    resources: tmpdir=/tmp


[Wed Nov  1 15:45:24 2023]
rule dream_accuracy:
    input: valik/rep0_e0.1.gff, ground_truth/rep0_e0.1.tsv
    output: evaluation/valik_rep0_e0.1.tsv
    jobid: 71
    reason: Input files updated by another job: ground_truth/rep0_e0.1.tsv, valik/rep0_e0.1.gff
    wildcards: rep=0, er=0.1
    resources: tmpdir=/tmp


[Wed Nov  1 15:45:24 2023]
rule dream_accuracy:
    input: valik/rep1_e0.025.gff, ground_truth/rep1_e0.025.tsv
    output: evaluation/valik_rep1_e0.025.tsv
    jobid: 73
    reason: Input files updated by another job: ground_truth/rep1_e0.025.tsv, valik/rep1_e0.025.gff
    wildcards: rep=1, er=0.025
    resources: tmpdir=/tmp


[Wed Nov  1 15:45:24 2023]
rule dream_accuracy:
    input: valik/rep0_e0.gff, ground_truth/rep0_e0.tsv
    output: evaluation/valik_rep0_e0.tsv
    jobid: 67
    reason: Input files updated by another job: ground_truth/rep0_e0.tsv, valik/rep0_e0.gff
    wildcards: rep=0, er=0
    resources: tmpdir=/tmp


[Wed Nov  1 15:45:24 2023]
rule dream_accuracy:
    input: valik/rep1_e0.075.gff, ground_truth/rep1_e0.075.tsv
    output: evaluation/valik_rep1_e0.075.tsv
    jobid: 75
    reason: Input files updated by another job: valik/rep1_e0.075.gff, ground_truth/rep1_e0.075.tsv
    wildcards: rep=1, er=0.075
    resources: tmpdir=/tmp


[Wed Nov  1 15:45:24 2023]
rule stellar_accuracy:
    input: stellar/rep1_e0.gff, ground_truth/rep1_e0.tsv
    output: evaluation/stellar_rep1_e0.tsv
    jobid: 29
    reason: Missing output files: evaluation/stellar_rep1_e0.tsv; Input files updated by another job: ground_truth/rep1_e0.tsv, stellar/rep1_e0.gff
    wildcards: rep=1, er=0
    resources: tmpdir=/tmp


[Wed Nov  1 15:45:24 2023]
rule dream_accuracy:
    input: valik/rep0_e0.075.gff, ground_truth/rep0_e0.075.tsv
    output: evaluation/valik_rep0_e0.075.tsv
    jobid: 70
    reason: Input files updated by another job: valik/rep0_e0.075.gff, ground_truth/rep0_e0.075.tsv
    wildcards: rep=0, er=0.075
    resources: tmpdir=/tmp

[Wed Nov  1 15:45:33 2023]
Finished job 68.
87 of 100 steps (87%) done
[Wed Nov  1 15:45:36 2023]
Finished job 29.
88 of 100 steps (88%) done
Select jobs to execute...

[Wed Nov  1 15:45:36 2023]
rule stellar_table1:
    input: benchmarks/stellar_rep0_e0.txt, benchmarks/stellar_rep0_e0.025.txt, benchmarks/stellar_rep0_e0.05.txt, benchmarks/stellar_rep0_e0.075.txt, benchmarks/stellar_rep0_e0.1.txt, benchmarks/stellar_rep1_e0.txt, benchmarks/stellar_rep1_e0.025.txt, benchmarks/stellar_rep1_e0.05.txt, benchmarks/stellar_rep1_e0.075.txt, benchmarks/stellar_rep1_e0.1.txt, evaluation/stellar_rep0_e0.tsv, evaluation/stellar_rep0_e0.025.tsv, evaluation/stellar_rep0_e0.05.tsv, evaluation/stellar_rep0_e0.075.tsv, evaluation/stellar_rep0_e0.1.tsv, evaluation/stellar_rep1_e0.tsv, evaluation/stellar_rep1_e0.025.tsv, evaluation/stellar_rep1_e0.05.tsv, evaluation/stellar_rep1_e0.075.tsv, evaluation/stellar_rep1_e0.1.tsv
    output: stellar_table1.tsv
    jobid: 1
    reason: Input files updated by another job: benchmarks/stellar_rep0_e0.025.txt, evaluation/stellar_rep1_e0.025.tsv, evaluation/stellar_rep0_e0.05.tsv, evaluation/stellar_rep0_e0.075.tsv, benchmarks/stellar_rep0_e0.075.txt, evaluation/stellar_rep0_e0.1.tsv, benchmarks/stellar_rep0_e0.1.txt, evaluation/stellar_rep1_e0.1.tsv, benchmarks/stellar_rep1_e0.05.txt, benchmarks/stellar_rep1_e0.075.txt, evaluation/stellar_rep0_e0.025.tsv, benchmarks/stellar_rep0_e0.05.txt, benchmarks/stellar_rep1_e0.txt, evaluation/stellar_rep1_e0.tsv, benchmarks/stellar_rep0_e0.txt, benchmarks/stellar_rep1_e0.1.txt, evaluation/stellar_rep0_e0.tsv, benchmarks/stellar_rep1_e0.025.txt, evaluation/stellar_rep1_e0.075.tsv, evaluation/stellar_rep1_e0.05.tsv
    resources: tmpdir=/tmp

[Wed Nov  1 15:45:39 2023]
Finished job 72.
89 of 100 steps (89%) done
[Wed Nov  1 15:45:39 2023]
Finished job 67.
90 of 100 steps (90%) done
[Wed Nov  1 15:45:39 2023]
Finished job 74.
91 of 100 steps (91%) done
[Wed Nov  1 15:45:39 2023]
Finished job 73.
92 of 100 steps (92%) done
[Wed Nov  1 15:45:39 2023]
Finished job 76.
93 of 100 steps (93%) done
[Wed Nov  1 15:45:39 2023]
Finished job 70.
94 of 100 steps (94%) done
[Wed Nov  1 15:45:39 2023]
Finished job 75.
95 of 100 steps (95%) done
[Wed Nov  1 15:45:39 2023]
Finished job 71.
96 of 100 steps (96%) done
[Wed Nov  1 15:45:39 2023]
Finished job 69.
97 of 100 steps (97%) done
Select jobs to execute...

[Wed Nov  1 15:45:39 2023]
rule valik_table1:
    input: benchmarks/valik_rep0_e0.txt, benchmarks/valik_rep0_e0.025.txt, benchmarks/valik_rep0_e0.05.txt, benchmarks/valik_rep0_e0.075.txt, benchmarks/valik_rep0_e0.1.txt, benchmarks/valik_rep1_e0.txt, benchmarks/valik_rep1_e0.025.txt, benchmarks/valik_rep1_e0.05.txt, benchmarks/valik_rep1_e0.075.txt, benchmarks/valik_rep1_e0.1.txt, evaluation/valik_rep0_e0.tsv, evaluation/valik_rep0_e0.025.tsv, evaluation/valik_rep0_e0.05.tsv, evaluation/valik_rep0_e0.075.tsv, evaluation/valik_rep0_e0.1.tsv, evaluation/valik_rep1_e0.tsv, evaluation/valik_rep1_e0.025.tsv, evaluation/valik_rep1_e0.05.tsv, evaluation/valik_rep1_e0.075.tsv, evaluation/valik_rep1_e0.1.tsv
    output: valik_table1.tsv
    jobid: 34
    reason: Input files updated by another job: evaluation/valik_rep1_e0.025.tsv, benchmarks/valik_rep0_e0.txt, benchmarks/valik_rep1_e0.075.txt, benchmarks/valik_rep1_e0.025.txt, evaluation/valik_rep1_e0.075.tsv, benchmarks/valik_rep1_e0.1.txt, evaluation/valik_rep1_e0.tsv, evaluation/valik_rep1_e0.1.tsv, benchmarks/valik_rep1_e0.05.txt, evaluation/valik_rep1_e0.05.tsv, evaluation/valik_rep0_e0.025.tsv, benchmarks/valik_rep0_e0.1.txt, evaluation/valik_rep0_e0.tsv, benchmarks/valik_rep0_e0.05.txt, benchmarks/valik_rep1_e0.txt, benchmarks/valik_rep0_e0.025.txt, evaluation/valik_rep0_e0.075.tsv, evaluation/valik_rep0_e0.1.tsv, benchmarks/valik_rep0_e0.075.txt, evaluation/valik_rep0_e0.05.tsv
    resources: tmpdir=/tmp

[Wed Nov  1 15:45:40 2023]
Finished job 1.
98 of 100 steps (98%) done
[Wed Nov  1 15:45:41 2023]
Finished job 34.
99 of 100 steps (99%) done
Select jobs to execute...

[Wed Nov  1 15:45:41 2023]
rule make_all:
    input: stellar_table1.tsv, valik_table1.tsv, blast_table1.tsv
    jobid: 0
    reason: Input files updated by another job: stellar_table1.tsv, blast_table1.tsv, valik_table1.tsv
    resources: tmpdir=/tmp

[Wed Nov  1 15:45:41 2023]
Finished job 0.
100 of 100 steps (100%) done
Complete log: ../.snakemake/log/2023-11-01T131908.722588.snakemake.log
