Simulating reference of length 1048576 with seed 601354
MASON GENOME SIMULATOR
======================

__OPTIONS____________________________________________________________________

VERBOSITY  	1

SEED       	601354

OUTPUT FILE	ref_rep0.fasta
CONTIG LENS	1048576

__SIMULATING GENOME__________________________________________________________

Simulating reference of length 1048576 with seed 809575
MASON GENOME SIMULATOR
======================

__OPTIONS____________________________________________________________________

VERBOSITY  	1

SEED       	809575

OUTPUT FILE	ref_rep1.fasta
CONTIG LENS	1048576

__SIMULATING GENOME__________________________________________________________

Simulating query of length 1048576 with seed 16677
MASON GENOME SIMULATOR
======================

__OPTIONS____________________________________________________________________

VERBOSITY  	1

SEED       	16677

OUTPUT FILE	random_rep0.fasta
CONTIG LENS	1048576

__SIMULATING GENOME__________________________________________________________

Simulating query of length 1048576 with seed 89803
MASON GENOME SIMULATOR
======================

__OPTIONS____________________________________________________________________

VERBOSITY  	1

SEED       	89803

OUTPUT FILE	random_rep1.fasta
CONTIG LENS	1048576

__SIMULATING GENOME__________________________________________________________

Sampling 524 local matches between 50 and 200 bp with an error rate of 0.025
Sampling 524 local matches between 50 and 200 bp with an error rate of 0.05
Sampling 524 local matches between 50 and 200 bp with an error rate of 0
Sampling 524 local matches between 50 and 200 bp with an error rate of 0.075
Sampling 524 local matches between 50 and 200 bp with an error rate of 0.1
Sampling 524 local matches between 50 and 200 bp with an error rate of 0.025
Sampling 524 local matches between 50 and 200 bp with an error rate of 0
Sampling 524 local matches between 50 and 200 bp with an error rate of 0.075
Sampling 524 local matches between 50 and 200 bp with an error rate of 0.05
Sampling 524 local matches between 50 and 200 bp with an error rate of 0.1
Launching stellar search on a shared memory machine...
Loaded 1 database sequence.
Launching stellar search on a shared memory machine...
Loaded 1 database sequence.
Launching stellar search on a shared memory machine...
Loaded 1 database sequence.
Launching stellar search on a shared memory machine...
Loaded 1 database sequence.
Launching stellar search on a shared memory machine...
Loaded 1 database sequence.
Launching stellar search on a shared memory machine...
Loaded 1 database sequence.
Launching stellar search on a shared memory machine...
Loaded 1 database sequence.
Launching stellar search on a shared memory machine...
Loaded 1 database sequence.
Launching stellar search on a shared memory machine...
Loaded 1 database sequence.
Launching stellar search on a shared memory machine...
Loaded 1 database sequence.
Done
Number of repetitions 2
Build IBF for (17,15)-minimisers
Build IBF for (15,13)-minimisers
Build IBF for (11,9)-minimisers
Build IBF for (9,9)-minimisers
Build IBF for (7,7)-minimisers
Build IBF for (17,15)-minimisers
Build IBF for (15,13)-minimisers
Build IBF for (11,9)-minimisers
Build IBF for (9,9)-minimisers
Build IBF for (7,7)-minimisers
Build IBF for (11,9)-minimisers
Build IBF for (15,13)-minimisers
Build IBF for (15,13)-minimisers
Build IBF for (7,7)-minimisers
Build IBF for (7,7)-minimisers
Build IBF for (11,9)-minimisers
Build IBF for (9,9)-minimisers
Build IBF for (9,9)-minimisers
Build IBF for (17,15)-minimisers
Build IBF for (17,15)-minimisers
