Building DAG of jobs...
Using shell: /usr/bin/bash
Provided cores: 16
Rules claiming more threads will be scaled down.
Job stats:
job                   count
------------------  -------
dream_accuracy           10
make_all                  1
simulate_matches         10
simulate_sequences        2
valik_build              10
valik_search             10
valik_split_query        10
valik_split_ref           2
valik_table1              1
total                    56

Select jobs to execute...

[Wed Nov  1 13:11:42 2023]
rule simulate_sequences:
    output: ref_rep0.fasta, random_rep0.fasta
    jobid: 4
    reason: Forced execution
    wildcards: rep=0
    resources: tmpdir=/tmp


[Wed Nov  1 13:11:42 2023]
rule simulate_sequences:
    output: ref_rep1.fasta, random_rep1.fasta
    jobid: 26
    reason: Forced execution
    wildcards: rep=1
    resources: tmpdir=/tmp

contig 1 ...contig 1 ... DONE
 DONE

Done.
contig 1 ...
Done.
contig 1 ... DONE
 DONE

Done.

Done.
[Wed Nov  1 13:11:44 2023]
Finished job 4.
1 of 56 steps (2%) done
Select jobs to execute...

[Wed Nov  1 13:11:44 2023]
rule simulate_matches:
    input: ref_rep0.fasta, random_rep0.fasta
    output: query/rep0_e0.025.fasta, local_matches/rep0_e0.025.fasta, ground_truth/rep0_e0.025.tsv
    jobid: 10
    reason: Input files updated by another job: random_rep0.fasta, ref_rep0.fasta
    wildcards: rep=0, er=0.025
    resources: tmpdir=/tmp


[Wed Nov  1 13:11:44 2023]
rule valik_split_ref:
    input: ref_rep0.fasta
    output: meta/ref_rep0.txt
    jobid: 5
    reason: Input files updated by another job: ref_rep0.fasta
    wildcards: rep=0
    resources: tmpdir=/tmp


[Wed Nov  1 13:11:44 2023]
rule simulate_matches:
    input: ref_rep0.fasta, random_rep0.fasta
    output: query/rep0_e0.05.fasta, local_matches/rep0_e0.05.fasta, ground_truth/rep0_e0.05.tsv
    jobid: 14
    reason: Input files updated by another job: random_rep0.fasta, ref_rep0.fasta
    wildcards: rep=0, er=0.05
    resources: tmpdir=/tmp

Simulating 524 matches from sequence 1

[Wed Nov  1 13:11:44 2023]
rule simulate_matches:
    input: ref_rep0.fasta, random_rep0.fasta
    output: query/rep0_e0.fasta, local_matches/rep0_e0.fasta, ground_truth/rep0_e0.tsv
    jobid: 6
    reason: Input files updated by another job: random_rep0.fasta, ref_rep0.fasta
    wildcards: rep=0, er=0
    resources: tmpdir=/tmp

Simulating 524 matches from sequence 1

[Wed Nov  1 13:11:44 2023]
rule simulate_matches:
    input: ref_rep0.fasta, random_rep0.fasta
    output: query/rep0_e0.075.fasta, local_matches/rep0_e0.075.fasta, ground_truth/rep0_e0.075.tsv
    jobid: 18
    reason: Input files updated by another job: random_rep0.fasta, ref_rep0.fasta
    wildcards: rep=0, er=0.075
    resources: tmpdir=/tmp

Simulating 524 matches from sequence 1

[Wed Nov  1 13:11:44 2023]
rule simulate_matches:
    input: ref_rep0.fasta, random_rep0.fasta
    output: query/rep0_e0.1.fasta, local_matches/rep0_e0.1.fasta, ground_truth/rep0_e0.1.tsv
    jobid: 22
    reason: Input files updated by another job: random_rep0.fasta, ref_rep0.fasta
    wildcards: rep=0, er=0.1
    resources: tmpdir=/tmp

Simulating 524 matches from sequence 1
[Wed Nov  1 13:11:44 2023]
Finished job 26.
2 of 56 steps (4%) done
Simulating 524 matches from sequence 1
[Wed Nov  1 13:11:44 2023]
Finished job 5.
3 of 56 steps (5%) done
[Wed Nov  1 13:11:44 2023]
Finished job 10.
4 of 56 steps (7%) done
Select jobs to execute...

[Wed Nov  1 13:11:44 2023]
rule simulate_matches:
    input: ref_rep1.fasta, random_rep1.fasta
    output: query/rep1_e0.025.fasta, local_matches/rep1_e0.025.fasta, ground_truth/rep1_e0.025.tsv
    jobid: 32
    reason: Input files updated by another job: ref_rep1.fasta, random_rep1.fasta
    wildcards: rep=1, er=0.025
    resources: tmpdir=/tmp


[Wed Nov  1 13:11:44 2023]
rule valik_split_query:
    input: query/rep0_e0.025.fasta
    output: meta/query_rep0_e0.025.txt
    jobid: 11
    reason: Input files updated by another job: query/rep0_e0.025.fasta
    wildcards: rep=0, er=0.025
    resources: tmpdir=/tmp


[Wed Nov  1 13:11:44 2023]
rule simulate_matches:
    input: ref_rep1.fasta, random_rep1.fasta
    output: query/rep1_e0.fasta, local_matches/rep1_e0.fasta, ground_truth/rep1_e0.tsv
    jobid: 28
    reason: Input files updated by another job: ref_rep1.fasta, random_rep1.fasta
    wildcards: rep=1, er=0
    resources: tmpdir=/tmp

Simulating 524 matches from sequence 1

[Wed Nov  1 13:11:44 2023]
rule valik_split_ref:
    input: ref_rep1.fasta
    output: meta/ref_rep1.txt
    jobid: 27
    reason: Input files updated by another job: ref_rep1.fasta
    wildcards: rep=1
    resources: tmpdir=/tmp


[Wed Nov  1 13:11:44 2023]
rule simulate_matches:
    input: ref_rep1.fasta, random_rep1.fasta
    output: query/rep1_e0.075.fasta, local_matches/rep1_e0.075.fasta, ground_truth/rep1_e0.075.tsv
    jobid: 40
    reason: Input files updated by another job: ref_rep1.fasta, random_rep1.fasta
    wildcards: rep=1, er=0.075
    resources: tmpdir=/tmp

Simulating 524 matches from sequence 1

[Wed Nov  1 13:11:45 2023]
rule simulate_matches:
    input: ref_rep1.fasta, random_rep1.fasta
    output: query/rep1_e0.05.fasta, local_matches/rep1_e0.05.fasta, ground_truth/rep1_e0.05.tsv
    jobid: 36
    reason: Input files updated by another job: ref_rep1.fasta, random_rep1.fasta
    wildcards: rep=1, er=0.05
    resources: tmpdir=/tmp

Simulating 524 matches from sequence 1

[Wed Nov  1 13:11:45 2023]
rule simulate_matches:
    input: ref_rep1.fasta, random_rep1.fasta
    output: query/rep1_e0.1.fasta, local_matches/rep1_e0.1.fasta, ground_truth/rep1_e0.1.tsv
    jobid: 44
    reason: Input files updated by another job: ref_rep1.fasta, random_rep1.fasta
    wildcards: rep=1, er=0.1
    resources: tmpdir=/tmp

Simulating 524 matches from sequence 1
Simulating 524 matches from sequence 1
[Wed Nov  1 13:11:45 2023]
Finished job 6.
5 of 56 steps (9%) done
[Wed Nov  1 13:11:45 2023]
Finished job 14.
6 of 56 steps (11%) done
[Wed Nov  1 13:11:45 2023]
Finished job 18.
7 of 56 steps (12%) done
[Wed Nov  1 13:11:45 2023]
Finished job 22.
8 of 56 steps (14%) done
Removing temporary output random_rep0.fasta.
[Wed Nov  1 13:11:45 2023]
Finished job 11.
9 of 56 steps (16%) done
[Wed Nov  1 13:11:45 2023]
Finished job 27.
10 of 56 steps (18%) done
[Wed Nov  1 13:11:45 2023]
Finished job 32.
11 of 56 steps (20%) done
Select jobs to execute...

[Wed Nov  1 13:11:45 2023]
rule valik_split_query:
    input: query/rep0_e0.05.fasta
    output: meta/query_rep0_e0.05.txt
    jobid: 15
    reason: Input files updated by another job: query/rep0_e0.05.fasta
    wildcards: rep=0, er=0.05
    resources: tmpdir=/tmp


[Wed Nov  1 13:11:45 2023]
rule valik_split_query:
    input: query/rep0_e0.075.fasta
    output: meta/query_rep0_e0.075.txt
    jobid: 19
    reason: Input files updated by another job: query/rep0_e0.075.fasta
    wildcards: rep=0, er=0.075
    resources: tmpdir=/tmp


[Wed Nov  1 13:11:45 2023]
rule valik_split_query:
    input: query/rep0_e0.fasta
    output: meta/query_rep0_e0.txt
    jobid: 7
    reason: Input files updated by another job: query/rep0_e0.fasta
    wildcards: rep=0, er=0
    resources: tmpdir=/tmp


[Wed Nov  1 13:11:45 2023]
rule valik_split_query:
    input: query/rep1_e0.025.fasta
    output: meta/query_rep1_e0.025.txt
    jobid: 33
    reason: Input files updated by another job: query/rep1_e0.025.fasta
    wildcards: rep=1, er=0.025
    resources: tmpdir=/tmp


[Wed Nov  1 13:11:45 2023]
rule valik_split_query:
    input: query/rep0_e0.1.fasta
    output: meta/query_rep0_e0.1.txt
    jobid: 23
    reason: Input files updated by another job: query/rep0_e0.1.fasta
    wildcards: rep=0, er=0.1
    resources: tmpdir=/tmp

[Wed Nov  1 13:11:45 2023]
Finished job 28.
12 of 56 steps (21%) done
[Wed Nov  1 13:11:45 2023]
Finished job 40.
13 of 56 steps (23%) done
[Wed Nov  1 13:11:45 2023]
Finished job 36.
14 of 56 steps (25%) done
[Wed Nov  1 13:11:45 2023]
Finished job 44.
15 of 56 steps (27%) done
Removing temporary output random_rep1.fasta.
[Wed Nov  1 13:11:45 2023]
Finished job 15.
16 of 56 steps (29%) done
[Wed Nov  1 13:11:45 2023]
Finished job 19.
17 of 56 steps (30%) done
Select jobs to execute...

[Wed Nov  1 13:11:45 2023]
rule valik_split_query:
    input: query/rep1_e0.075.fasta
    output: meta/query_rep1_e0.075.txt
    jobid: 41
    reason: Input files updated by another job: query/rep1_e0.075.fasta
    wildcards: rep=1, er=0.075
    resources: tmpdir=/tmp


[Wed Nov  1 13:11:45 2023]
rule valik_split_query:
    input: query/rep1_e0.1.fasta
    output: meta/query_rep1_e0.1.txt
    jobid: 45
    reason: Input files updated by another job: query/rep1_e0.1.fasta
    wildcards: rep=1, er=0.1
    resources: tmpdir=/tmp


[Wed Nov  1 13:11:46 2023]
rule valik_split_query:
    input: query/rep1_e0.fasta
    output: meta/query_rep1_e0.txt
    jobid: 29
    reason: Input files updated by another job: query/rep1_e0.fasta
    wildcards: rep=1, er=0
    resources: tmpdir=/tmp


[Wed Nov  1 13:11:46 2023]
rule valik_split_query:
    input: query/rep1_e0.05.fasta
    output: meta/query_rep1_e0.05.txt
    jobid: 37
    reason: Input files updated by another job: query/rep1_e0.05.fasta
    wildcards: rep=1, er=0.05
    resources: tmpdir=/tmp

[Wed Nov  1 13:11:46 2023]
Finished job 7.
18 of 56 steps (32%) done
[Wed Nov  1 13:11:46 2023]
Finished job 33.
19 of 56 steps (34%) done
[Wed Nov  1 13:11:46 2023]
Finished job 23.
20 of 56 steps (36%) done
[Wed Nov  1 13:11:46 2023]
Finished job 41.
21 of 56 steps (38%) done
Select jobs to execute...
[Wed Nov  1 13:11:46 2023]
Finished job 45.
22 of 56 steps (39%) done
[Wed Nov  1 13:11:46 2023]
Finished job 29.
23 of 56 steps (41%) done
[Wed Nov  1 13:11:46 2023]
Finished job 37.
24 of 56 steps (43%) done

[Wed Nov  1 13:11:46 2023]
rule valik_build:
    input: ref_rep1.fasta, meta/ref_rep1.txt
    output: rep1_e0.05.index
    jobid: 35
    benchmark: benchmarks/valik_build_rep1_e0.05.txt
    reason: Input files updated by another job: ref_rep1.fasta, meta/ref_rep1.txt
    wildcards: rep=1, er=0.05
    threads: 16
    resources: tmpdir=/tmp

Select jobs to execute...
[Wed Nov  1 13:11:46 2023]
Finished job 35.
25 of 56 steps (45%) done

[Wed Nov  1 13:11:46 2023]
rule valik_search:
    input: rep1_e0.05.index, query/rep1_e0.05.fasta, meta/query_rep1_e0.05.txt, meta/ref_rep1.txt
    output: valik/rep1_e0.05.gff
    jobid: 34
    benchmark: benchmarks/valik_rep1_e0.05.txt
    reason: Input files updated by another job: meta/query_rep1_e0.05.txt, rep1_e0.05.index, meta/ref_rep1.txt, query/rep1_e0.05.fasta
    wildcards: rep=1, er=0.05
    threads: 16
    resources: tmpdir=/tmp

[Wed Nov  1 13:11:47 2023]
Finished job 34.
26 of 56 steps (46%) done
Select jobs to execute...

[Wed Nov  1 13:11:47 2023]
rule valik_build:
    input: ref_rep0.fasta, meta/ref_rep0.txt
    output: rep0_e0.025.index
    jobid: 9
    benchmark: benchmarks/valik_build_rep0_e0.025.txt
    reason: Input files updated by another job: meta/ref_rep0.txt, ref_rep0.fasta
    wildcards: rep=0, er=0.025
    threads: 16
    resources: tmpdir=/tmp

[Wed Nov  1 13:11:47 2023]
Finished job 9.
27 of 56 steps (48%) done
Select jobs to execute...

[Wed Nov  1 13:11:48 2023]
rule valik_search:
    input: rep0_e0.025.index, query/rep0_e0.025.fasta, meta/query_rep0_e0.025.txt, meta/ref_rep0.txt
    output: valik/rep0_e0.025.gff
    jobid: 8
    benchmark: benchmarks/valik_rep0_e0.025.txt
    reason: Input files updated by another job: rep0_e0.025.index, meta/ref_rep0.txt, meta/query_rep0_e0.025.txt, query/rep0_e0.025.fasta
    wildcards: rep=0, er=0.025
    threads: 16
    resources: tmpdir=/tmp

[Wed Nov  1 13:11:49 2023]
Finished job 8.
28 of 56 steps (50%) done
Select jobs to execute...

[Wed Nov  1 13:11:49 2023]
rule valik_build:
    input: ref_rep1.fasta, meta/ref_rep1.txt
    output: rep1_e0.025.index
    jobid: 31
    benchmark: benchmarks/valik_build_rep1_e0.025.txt
    reason: Input files updated by another job: ref_rep1.fasta, meta/ref_rep1.txt
    wildcards: rep=1, er=0.025
    threads: 16
    resources: tmpdir=/tmp

[Wed Nov  1 13:11:49 2023]
Finished job 31.
29 of 56 steps (52%) done
Select jobs to execute...

[Wed Nov  1 13:11:49 2023]
rule valik_build:
    input: ref_rep1.fasta, meta/ref_rep1.txt
    output: rep1_e0.1.index
    jobid: 43
    benchmark: benchmarks/valik_build_rep1_e0.1.txt
    reason: Input files updated by another job: ref_rep1.fasta, meta/ref_rep1.txt
    wildcards: rep=1, er=0.1
    threads: 16
    resources: tmpdir=/tmp

[Wed Nov  1 13:11:49 2023]
Finished job 43.
30 of 56 steps (54%) done
Select jobs to execute...

[Wed Nov  1 13:11:49 2023]
rule valik_search:
    input: rep1_e0.1.index, query/rep1_e0.1.fasta, meta/query_rep1_e0.1.txt, meta/ref_rep1.txt
    output: valik/rep1_e0.1.gff
    jobid: 42
    benchmark: benchmarks/valik_rep1_e0.1.txt
    reason: Input files updated by another job: meta/query_rep1_e0.1.txt, rep1_e0.1.index, meta/ref_rep1.txt, query/rep1_e0.1.fasta
    wildcards: rep=1, er=0.1
    threads: 16
    resources: tmpdir=/tmp

[Wed Nov  1 13:11:52 2023]
Finished job 42.
31 of 56 steps (55%) done
Select jobs to execute...

[Wed Nov  1 13:11:52 2023]
rule valik_build:
    input: ref_rep0.fasta, meta/ref_rep0.txt
    output: rep0_e0.1.index
    jobid: 21
    benchmark: benchmarks/valik_build_rep0_e0.1.txt
    reason: Input files updated by another job: meta/ref_rep0.txt, ref_rep0.fasta
    wildcards: rep=0, er=0.1
    threads: 16
    resources: tmpdir=/tmp

[Wed Nov  1 13:11:52 2023]
Finished job 21.
32 of 56 steps (57%) done
Select jobs to execute...

[Wed Nov  1 13:11:52 2023]
rule valik_search:
    input: rep0_e0.1.index, query/rep0_e0.1.fasta, meta/query_rep0_e0.1.txt, meta/ref_rep0.txt
    output: valik/rep0_e0.1.gff
    jobid: 20
    benchmark: benchmarks/valik_rep0_e0.1.txt
    reason: Input files updated by another job: query/rep0_e0.1.fasta, rep0_e0.1.index, meta/ref_rep0.txt, meta/query_rep0_e0.1.txt
    wildcards: rep=0, er=0.1
    threads: 16
    resources: tmpdir=/tmp

[Wed Nov  1 13:11:54 2023]
Finished job 20.
33 of 56 steps (59%) done
Select jobs to execute...

[Wed Nov  1 13:11:54 2023]
rule valik_search:
    input: rep1_e0.025.index, query/rep1_e0.025.fasta, meta/query_rep1_e0.025.txt, meta/ref_rep1.txt
    output: valik/rep1_e0.025.gff
    jobid: 30
    benchmark: benchmarks/valik_rep1_e0.025.txt
    reason: Input files updated by another job: query/rep1_e0.025.fasta, meta/query_rep1_e0.025.txt, meta/ref_rep1.txt, rep1_e0.025.index
    wildcards: rep=1, er=0.025
    threads: 16
    resources: tmpdir=/tmp

[Wed Nov  1 13:11:55 2023]
Finished job 30.
34 of 56 steps (61%) done
Select jobs to execute...

[Wed Nov  1 13:11:55 2023]
rule valik_build:
    input: ref_rep0.fasta, meta/ref_rep0.txt
    output: rep0_e0.05.index
    jobid: 13
    benchmark: benchmarks/valik_build_rep0_e0.05.txt
    reason: Input files updated by another job: meta/ref_rep0.txt, ref_rep0.fasta
    wildcards: rep=0, er=0.05
    threads: 16
    resources: tmpdir=/tmp

[Wed Nov  1 13:11:56 2023]
Finished job 13.
35 of 56 steps (62%) done
Select jobs to execute...

[Wed Nov  1 13:11:56 2023]
rule valik_search:
    input: rep0_e0.05.index, query/rep0_e0.05.fasta, meta/query_rep0_e0.05.txt, meta/ref_rep0.txt
    output: valik/rep0_e0.05.gff
    jobid: 12
    benchmark: benchmarks/valik_rep0_e0.05.txt
    reason: Input files updated by another job: meta/ref_rep0.txt, meta/query_rep0_e0.05.txt, query/rep0_e0.05.fasta, rep0_e0.05.index
    wildcards: rep=0, er=0.05
    threads: 16
    resources: tmpdir=/tmp

[Wed Nov  1 13:11:57 2023]
Finished job 12.
36 of 56 steps (64%) done
Select jobs to execute...

[Wed Nov  1 13:11:57 2023]
rule valik_build:
    input: ref_rep1.fasta, meta/ref_rep1.txt
    output: rep1_e0.075.index
    jobid: 39
    benchmark: benchmarks/valik_build_rep1_e0.075.txt
    reason: Input files updated by another job: ref_rep1.fasta, meta/ref_rep1.txt
    wildcards: rep=1, er=0.075
    threads: 16
    resources: tmpdir=/tmp

[Wed Nov  1 13:11:57 2023]
Finished job 39.
37 of 56 steps (66%) done
Select jobs to execute...

[Wed Nov  1 13:11:57 2023]
rule valik_build:
    input: ref_rep0.fasta, meta/ref_rep0.txt
    output: rep0_e0.075.index
    jobid: 17
    benchmark: benchmarks/valik_build_rep0_e0.075.txt
    reason: Input files updated by another job: meta/ref_rep0.txt, ref_rep0.fasta
    wildcards: rep=0, er=0.075
    threads: 16
    resources: tmpdir=/tmp

[Wed Nov  1 13:11:57 2023]
Finished job 17.
38 of 56 steps (68%) done
Select jobs to execute...

[Wed Nov  1 13:11:57 2023]
rule valik_search:
    input: rep0_e0.075.index, query/rep0_e0.075.fasta, meta/query_rep0_e0.075.txt, meta/ref_rep0.txt
    output: valik/rep0_e0.075.gff
    jobid: 16
    benchmark: benchmarks/valik_rep0_e0.075.txt
    reason: Input files updated by another job: rep0_e0.075.index, meta/query_rep0_e0.075.txt, meta/ref_rep0.txt, query/rep0_e0.075.fasta
    wildcards: rep=0, er=0.075
    threads: 16
    resources: tmpdir=/tmp

[Wed Nov  1 13:11:59 2023]
Finished job 16.
39 of 56 steps (70%) done
Select jobs to execute...

[Wed Nov  1 13:11:59 2023]
rule valik_build:
    input: ref_rep0.fasta, meta/ref_rep0.txt
    output: rep0_e0.index
    jobid: 3
    benchmark: benchmarks/valik_build_rep0_e0.txt
    reason: Input files updated by another job: meta/ref_rep0.txt, ref_rep0.fasta
    wildcards: rep=0, er=0
    threads: 16
    resources: tmpdir=/tmp

[Wed Nov  1 13:11:59 2023]
Finished job 3.
40 of 56 steps (71%) done
Select jobs to execute...

[Wed Nov  1 13:11:59 2023]
rule valik_build:
    input: ref_rep1.fasta, meta/ref_rep1.txt
    output: rep1_e0.index
    jobid: 25
    benchmark: benchmarks/valik_build_rep1_e0.txt
    reason: Input files updated by another job: ref_rep1.fasta, meta/ref_rep1.txt
    wildcards: rep=1, er=0
    threads: 16
    resources: tmpdir=/tmp

[Wed Nov  1 13:11:59 2023]
Finished job 25.
41 of 56 steps (73%) done
Select jobs to execute...

[Wed Nov  1 13:11:59 2023]
rule valik_search:
    input: rep1_e0.index, query/rep1_e0.fasta, meta/query_rep1_e0.txt, meta/ref_rep1.txt
    output: valik/rep1_e0.gff
    jobid: 24
    benchmark: benchmarks/valik_rep1_e0.txt
    reason: Input files updated by another job: rep1_e0.index, meta/ref_rep1.txt, query/rep1_e0.fasta, meta/query_rep1_e0.txt
    wildcards: rep=1, er=0
    threads: 16
    resources: tmpdir=/tmp

[Wed Nov  1 13:12:00 2023]
Finished job 24.
42 of 56 steps (75%) done
Select jobs to execute...

[Wed Nov  1 13:12:00 2023]
rule valik_search:
    input: rep1_e0.075.index, query/rep1_e0.075.fasta, meta/query_rep1_e0.075.txt, meta/ref_rep1.txt
    output: valik/rep1_e0.075.gff
    jobid: 38
    benchmark: benchmarks/valik_rep1_e0.075.txt
    reason: Input files updated by another job: rep1_e0.075.index, query/rep1_e0.075.fasta, meta/ref_rep1.txt, meta/query_rep1_e0.075.txt
    wildcards: rep=1, er=0.075
    threads: 16
    resources: tmpdir=/tmp

[Wed Nov  1 13:12:01 2023]
Finished job 38.
43 of 56 steps (77%) done
Select jobs to execute...

[Wed Nov  1 13:12:01 2023]
rule valik_search:
    input: rep0_e0.index, query/rep0_e0.fasta, meta/query_rep0_e0.txt, meta/ref_rep0.txt
    output: valik/rep0_e0.gff
    jobid: 2
    benchmark: benchmarks/valik_rep0_e0.txt
    reason: Input files updated by another job: meta/query_rep0_e0.txt, meta/ref_rep0.txt, rep0_e0.index, query/rep0_e0.fasta
    wildcards: rep=0, er=0
    threads: 16
    resources: tmpdir=/tmp

[Wed Nov  1 13:12:02 2023]
Finished job 2.
44 of 56 steps (79%) done
Select jobs to execute...

[Wed Nov  1 13:12:02 2023]
rule dream_accuracy:
    input: valik/rep0_e0.075.gff, ground_truth/rep0_e0.075.tsv
    output: evaluation/valik_rep0_e0.075.tsv
    jobid: 49
    reason: Input files updated by another job: ground_truth/rep0_e0.075.tsv, valik/rep0_e0.075.gff
    wildcards: rep=0, er=0.075
    resources: tmpdir=/tmp


[Wed Nov  1 13:12:02 2023]
rule dream_accuracy:
    input: valik/rep0_e0.gff, ground_truth/rep0_e0.tsv
    output: evaluation/valik_rep0_e0.tsv
    jobid: 46
    reason: Input files updated by another job: valik/rep0_e0.gff, ground_truth/rep0_e0.tsv
    wildcards: rep=0, er=0
    resources: tmpdir=/tmp


[Wed Nov  1 13:12:02 2023]
rule dream_accuracy:
    input: valik/rep1_e0.gff, ground_truth/rep1_e0.tsv
    output: evaluation/valik_rep1_e0.tsv
    jobid: 51
    reason: Input files updated by another job: ground_truth/rep1_e0.tsv, valik/rep1_e0.gff
    wildcards: rep=1, er=0
    resources: tmpdir=/tmp


[Wed Nov  1 13:12:02 2023]
rule dream_accuracy:
    input: valik/rep1_e0.05.gff, ground_truth/rep1_e0.05.tsv
    output: evaluation/valik_rep1_e0.05.tsv
    jobid: 53
    reason: Input files updated by another job: valik/rep1_e0.05.gff, ground_truth/rep1_e0.05.tsv
    wildcards: rep=1, er=0.05
    resources: tmpdir=/tmp


[Wed Nov  1 13:12:02 2023]
rule dream_accuracy:
    input: valik/rep0_e0.025.gff, ground_truth/rep0_e0.025.tsv
    output: evaluation/valik_rep0_e0.025.tsv
    jobid: 47
    reason: Input files updated by another job: ground_truth/rep0_e0.025.tsv, valik/rep0_e0.025.gff
    wildcards: rep=0, er=0.025
    resources: tmpdir=/tmp


[Wed Nov  1 13:12:02 2023]
rule dream_accuracy:
    input: valik/rep1_e0.1.gff, ground_truth/rep1_e0.1.tsv
    output: evaluation/valik_rep1_e0.1.tsv
    jobid: 55
    reason: Input files updated by another job: valik/rep1_e0.1.gff, ground_truth/rep1_e0.1.tsv
    wildcards: rep=1, er=0.1
    resources: tmpdir=/tmp


[Wed Nov  1 13:12:02 2023]
rule dream_accuracy:
    input: valik/rep0_e0.05.gff, ground_truth/rep0_e0.05.tsv
    output: evaluation/valik_rep0_e0.05.tsv
    jobid: 48
    reason: Input files updated by another job: valik/rep0_e0.05.gff, ground_truth/rep0_e0.05.tsv
    wildcards: rep=0, er=0.05
    resources: tmpdir=/tmp


[Wed Nov  1 13:12:02 2023]
rule dream_accuracy:
    input: valik/rep0_e0.1.gff, ground_truth/rep0_e0.1.tsv
    output: evaluation/valik_rep0_e0.1.tsv
    jobid: 50
    reason: Input files updated by another job: valik/rep0_e0.1.gff, ground_truth/rep0_e0.1.tsv
    wildcards: rep=0, er=0.1
    resources: tmpdir=/tmp


[Wed Nov  1 13:12:02 2023]
rule dream_accuracy:
    input: valik/rep1_e0.025.gff, ground_truth/rep1_e0.025.tsv
    output: evaluation/valik_rep1_e0.025.tsv
    jobid: 52
    reason: Input files updated by another job: ground_truth/rep1_e0.025.tsv, valik/rep1_e0.025.gff
    wildcards: rep=1, er=0.025
    resources: tmpdir=/tmp


[Wed Nov  1 13:12:02 2023]
rule dream_accuracy:
    input: valik/rep1_e0.075.gff, ground_truth/rep1_e0.075.tsv
    output: evaluation/valik_rep1_e0.075.tsv
    jobid: 54
    reason: Input files updated by another job: ground_truth/rep1_e0.075.tsv, valik/rep1_e0.075.gff
    wildcards: rep=1, er=0.075
    resources: tmpdir=/tmp

[Wed Nov  1 13:12:12 2023]
Finished job 49.
45 of 56 steps (80%) done
[Wed Nov  1 13:12:18 2023]
Finished job 47.
46 of 56 steps (82%) done
[Wed Nov  1 13:12:18 2023]
Finished job 51.
47 of 56 steps (84%) done
[Wed Nov  1 13:12:18 2023]
Finished job 46.
48 of 56 steps (86%) done
[Wed Nov  1 13:12:18 2023]
Finished job 55.
49 of 56 steps (88%) done
[Wed Nov  1 13:12:18 2023]
Finished job 48.
50 of 56 steps (89%) done
[Wed Nov  1 13:12:18 2023]
Finished job 54.
51 of 56 steps (91%) done
[Wed Nov  1 13:12:18 2023]
Finished job 53.
52 of 56 steps (93%) done
[Wed Nov  1 13:12:18 2023]
Finished job 52.
53 of 56 steps (95%) done
[Wed Nov  1 13:12:18 2023]
Finished job 50.
54 of 56 steps (96%) done
Select jobs to execute...

[Wed Nov  1 13:12:18 2023]
rule valik_table1:
    input: benchmarks/valik_rep0_e0.txt, benchmarks/valik_rep0_e0.025.txt, benchmarks/valik_rep0_e0.05.txt, benchmarks/valik_rep0_e0.075.txt, benchmarks/valik_rep0_e0.1.txt, benchmarks/valik_rep1_e0.txt, benchmarks/valik_rep1_e0.025.txt, benchmarks/valik_rep1_e0.05.txt, benchmarks/valik_rep1_e0.075.txt, benchmarks/valik_rep1_e0.1.txt, evaluation/valik_rep0_e0.tsv, evaluation/valik_rep0_e0.025.tsv, evaluation/valik_rep0_e0.05.tsv, evaluation/valik_rep0_e0.075.tsv, evaluation/valik_rep0_e0.1.tsv, evaluation/valik_rep1_e0.tsv, evaluation/valik_rep1_e0.025.tsv, evaluation/valik_rep1_e0.05.tsv, evaluation/valik_rep1_e0.075.tsv, evaluation/valik_rep1_e0.1.tsv
    output: valik_table1.tsv
    jobid: 1
    reason: Input files updated by another job: evaluation/valik_rep0_e0.025.tsv, benchmarks/valik_rep0_e0.05.txt, benchmarks/valik_rep0_e0.075.txt, benchmarks/valik_rep1_e0.05.txt, evaluation/valik_rep0_e0.075.tsv, evaluation/valik_rep1_e0.1.tsv, benchmarks/valik_rep0_e0.1.txt, evaluation/valik_rep1_e0.tsv, benchmarks/valik_rep1_e0.1.txt, evaluation/valik_rep0_e0.tsv, evaluation/valik_rep0_e0.1.tsv, evaluation/valik_rep0_e0.05.tsv, benchmarks/valik_rep0_e0.txt, benchmarks/valik_rep1_e0.025.txt, benchmarks/valik_rep0_e0.025.txt, evaluation/valik_rep1_e0.05.tsv, evaluation/valik_rep1_e0.025.tsv, benchmarks/valik_rep1_e0.075.txt, evaluation/valik_rep1_e0.075.tsv, benchmarks/valik_rep1_e0.txt
    resources: tmpdir=/tmp

[Wed Nov  1 13:12:20 2023]
Finished job 1.
55 of 56 steps (98%) done
Select jobs to execute...

[Wed Nov  1 13:12:20 2023]
rule make_all:
    input: valik_table1.tsv
    jobid: 0
    reason: Input files updated by another job: valik_table1.tsv
    resources: tmpdir=/tmp

[Wed Nov  1 13:12:20 2023]
Finished job 0.
56 of 56 steps (100%) done
Complete log: ../.snakemake/log/2023-11-01T131140.578151.snakemake.log
