Building DAG of jobs...
Using shell: /bin/bash
Provided cores: 16
Rules claiming more threads will be scaled down.
Job counts:
	count	jobs
	1	distribute_search
	64	dream_stellar_search
	1	make_all
	1	valik_build
	1	valik_search
	68

[Fri Apr 29 18:33:23 2022]
rule valik_build:
    input: rep0/bins/bin_00.fasta, rep0/bins/bin_01.fasta, rep0/bins/bin_02.fasta, rep0/bins/bin_03.fasta, rep0/bins/bin_04.fasta, rep0/bins/bin_05.fasta, rep0/bins/bin_06.fasta, rep0/bins/bin_07.fasta, rep0/bins/bin_08.fasta, rep0/bins/bin_09.fasta, rep0/bins/bin_10.fasta, rep0/bins/bin_11.fasta, rep0/bins/bin_12.fasta, rep0/bins/bin_13.fasta, rep0/bins/bin_14.fasta, rep0/bins/bin_15.fasta, rep0/bins/bin_16.fasta, rep0/bins/bin_17.fasta, rep0/bins/bin_18.fasta, rep0/bins/bin_19.fasta, rep0/bins/bin_20.fasta, rep0/bins/bin_21.fasta, rep0/bins/bin_22.fasta, rep0/bins/bin_23.fasta, rep0/bins/bin_24.fasta, rep0/bins/bin_25.fasta, rep0/bins/bin_26.fasta, rep0/bins/bin_27.fasta, rep0/bins/bin_28.fasta, rep0/bins/bin_29.fasta, rep0/bins/bin_30.fasta, rep0/bins/bin_31.fasta, rep0/bins/bin_32.fasta, rep0/bins/bin_33.fasta, rep0/bins/bin_34.fasta, rep0/bins/bin_35.fasta, rep0/bins/bin_36.fasta, rep0/bins/bin_37.fasta, rep0/bins/bin_38.fasta, rep0/bins/bin_39.fasta, rep0/bins/bin_40.fasta, rep0/bins/bin_41.fasta, rep0/bins/bin_42.fasta, rep0/bins/bin_43.fasta, rep0/bins/bin_44.fasta, rep0/bins/bin_45.fasta, rep0/bins/bin_46.fasta, rep0/bins/bin_47.fasta, rep0/bins/bin_48.fasta, rep0/bins/bin_49.fasta, rep0/bins/bin_50.fasta, rep0/bins/bin_51.fasta, rep0/bins/bin_52.fasta, rep0/bins/bin_53.fasta, rep0/bins/bin_54.fasta, rep0/bins/bin_55.fasta, rep0/bins/bin_56.fasta, rep0/bins/bin_57.fasta, rep0/bins/bin_58.fasta, rep0/bins/bin_59.fasta, rep0/bins/bin_60.fasta, rep0/bins/bin_61.fasta, rep0/bins/bin_62.fasta, rep0/bins/bin_63.fasta, rep0/bin_paths.txt
    output: rep0/valik.index
    jobid: 67
    benchmark: benchmarks/rep0/valik/build.txt
    wildcards: rep=0
    threads: 16

[SEQAN3 INFO] :: Thank you for using SeqAn!
[SEQAN3 INFO] :: Do you wish to register your app for update notifications?
[SEQAN3 INFO] :: Just send an email to support@seqan.de with your app name and version number.
[SEQAN3 INFO] :: If you don't wish to receive further notifications, set --version-check false.

[Fri Apr 29 18:33:31 2022]
Finished job 67.
1 of 68 steps (1%) done

[Fri Apr 29 18:33:31 2022]
rule valik_search:
    input: rep0/valik.index, rep0/queries/e0.025.fastq
    output: rep0/search/e0.025.out
    jobid: 66
    benchmark: benchmarks/rep0/valik/search_e0.025.txt
    wildcards: rep=0, er=0.025
    threads: 16

[SEQAN3 INFO] :: Thank you for using SeqAn!
[SEQAN3 INFO] :: Do you wish to register your app for update notifications?
[SEQAN3 INFO] :: Just send an email to support@seqan.de with your app name and version number.
[SEQAN3 INFO] :: If you don't wish to receive further notifications, set --version-check false.

[Fri Apr 29 18:33:32 2022]
Finished job 66.
2 of 68 steps (3%) done

[Fri Apr 29 18:33:32 2022]
rule distribute_search:
    input: rep0/queries/e0.025.fastq, rep0/search/e0.025.out
    output: /dev/shm/rep0/queries/bin_00_e0.025.fasta, /dev/shm/rep0/queries/bin_01_e0.025.fasta, /dev/shm/rep0/queries/bin_02_e0.025.fasta, /dev/shm/rep0/queries/bin_03_e0.025.fasta, /dev/shm/rep0/queries/bin_04_e0.025.fasta, /dev/shm/rep0/queries/bin_05_e0.025.fasta, /dev/shm/rep0/queries/bin_06_e0.025.fasta, /dev/shm/rep0/queries/bin_07_e0.025.fasta, /dev/shm/rep0/queries/bin_08_e0.025.fasta, /dev/shm/rep0/queries/bin_09_e0.025.fasta, /dev/shm/rep0/queries/bin_10_e0.025.fasta, /dev/shm/rep0/queries/bin_11_e0.025.fasta, /dev/shm/rep0/queries/bin_12_e0.025.fasta, /dev/shm/rep0/queries/bin_13_e0.025.fasta, /dev/shm/rep0/queries/bin_14_e0.025.fasta, /dev/shm/rep0/queries/bin_15_e0.025.fasta, /dev/shm/rep0/queries/bin_16_e0.025.fasta, /dev/shm/rep0/queries/bin_17_e0.025.fasta, /dev/shm/rep0/queries/bin_18_e0.025.fasta, /dev/shm/rep0/queries/bin_19_e0.025.fasta, /dev/shm/rep0/queries/bin_20_e0.025.fasta, /dev/shm/rep0/queries/bin_21_e0.025.fasta, /dev/shm/rep0/queries/bin_22_e0.025.fasta, /dev/shm/rep0/queries/bin_23_e0.025.fasta, /dev/shm/rep0/queries/bin_24_e0.025.fasta, /dev/shm/rep0/queries/bin_25_e0.025.fasta, /dev/shm/rep0/queries/bin_26_e0.025.fasta, /dev/shm/rep0/queries/bin_27_e0.025.fasta, /dev/shm/rep0/queries/bin_28_e0.025.fasta, /dev/shm/rep0/queries/bin_29_e0.025.fasta, /dev/shm/rep0/queries/bin_30_e0.025.fasta, /dev/shm/rep0/queries/bin_31_e0.025.fasta, /dev/shm/rep0/queries/bin_32_e0.025.fasta, /dev/shm/rep0/queries/bin_33_e0.025.fasta, /dev/shm/rep0/queries/bin_34_e0.025.fasta, /dev/shm/rep0/queries/bin_35_e0.025.fasta, /dev/shm/rep0/queries/bin_36_e0.025.fasta, /dev/shm/rep0/queries/bin_37_e0.025.fasta, /dev/shm/rep0/queries/bin_38_e0.025.fasta, /dev/shm/rep0/queries/bin_39_e0.025.fasta, /dev/shm/rep0/queries/bin_40_e0.025.fasta, /dev/shm/rep0/queries/bin_41_e0.025.fasta, /dev/shm/rep0/queries/bin_42_e0.025.fasta, /dev/shm/rep0/queries/bin_43_e0.025.fasta, /dev/shm/rep0/queries/bin_44_e0.025.fasta, /dev/shm/rep0/queries/bin_45_e0.025.fasta, /dev/shm/rep0/queries/bin_46_e0.025.fasta, /dev/shm/rep0/queries/bin_47_e0.025.fasta, /dev/shm/rep0/queries/bin_48_e0.025.fasta, /dev/shm/rep0/queries/bin_49_e0.025.fasta, /dev/shm/rep0/queries/bin_50_e0.025.fasta, /dev/shm/rep0/queries/bin_51_e0.025.fasta, /dev/shm/rep0/queries/bin_52_e0.025.fasta, /dev/shm/rep0/queries/bin_53_e0.025.fasta, /dev/shm/rep0/queries/bin_54_e0.025.fasta, /dev/shm/rep0/queries/bin_55_e0.025.fasta, /dev/shm/rep0/queries/bin_56_e0.025.fasta, /dev/shm/rep0/queries/bin_57_e0.025.fasta, /dev/shm/rep0/queries/bin_58_e0.025.fasta, /dev/shm/rep0/queries/bin_59_e0.025.fasta, /dev/shm/rep0/queries/bin_60_e0.025.fasta, /dev/shm/rep0/queries/bin_61_e0.025.fasta, /dev/shm/rep0/queries/bin_62_e0.025.fasta, /dev/shm/rep0/queries/bin_63_e0.025.fasta
    jobid: 65
    benchmark: benchmarks/rep0/distribute/e0.025.txt
    wildcards: rep=0, er=0.025

[Fri Apr 29 18:33:35 2022]
Finished job 65.
3 of 68 steps (4%) done

[Fri Apr 29 18:33:35 2022]
rule dream_stellar_search:
    input: rep0/bins/bin_02.fasta, /dev/shm/rep0/queries/bin_02_e0.025.fasta
    output: rep0/dream_stellar/bin_02_e0.025.gff
    jobid: 3
    benchmark: benchmarks/rep0/dream_stellar/bin_02_e0.025.txt
    wildcards: rep=0, bin=02, er=0.025


[Fri Apr 29 18:33:35 2022]
rule dream_stellar_search:
    input: rep0/bins/bin_34.fasta, /dev/shm/rep0/queries/bin_34_e0.025.fasta
    output: rep0/dream_stellar/bin_34_e0.025.gff
    jobid: 35
    benchmark: benchmarks/rep0/dream_stellar/bin_34_e0.025.txt
    wildcards: rep=0, bin=34, er=0.025


[Fri Apr 29 18:33:35 2022]
rule dream_stellar_search:
    input: rep0/bins/bin_63.fasta, /dev/shm/rep0/queries/bin_63_e0.025.fasta
    output: rep0/dream_stellar/bin_63_e0.025.gff
    jobid: 64
    benchmark: benchmarks/rep0/dream_stellar/bin_63_e0.025.txt
    wildcards: rep=0, bin=63, er=0.025


[Fri Apr 29 18:33:35 2022]
rule dream_stellar_search:
    input: rep0/bins/bin_08.fasta, /dev/shm/rep0/queries/bin_08_e0.025.fasta
    output: rep0/dream_stellar/bin_08_e0.025.gff
    jobid: 9
    benchmark: benchmarks/rep0/dream_stellar/bin_08_e0.025.txt
    wildcards: rep=0, bin=08, er=0.025


[Fri Apr 29 18:33:35 2022]
rule dream_stellar_search:
    input: rep0/bins/bin_13.fasta, /dev/shm/rep0/queries/bin_13_e0.025.fasta
    output: rep0/dream_stellar/bin_13_e0.025.gff
    jobid: 14
    benchmark: benchmarks/rep0/dream_stellar/bin_13_e0.025.txt
    wildcards: rep=0, bin=13, er=0.025


[Fri Apr 29 18:33:35 2022]
rule dream_stellar_search:
    input: rep0/bins/bin_45.fasta, /dev/shm/rep0/queries/bin_45_e0.025.fasta
    output: rep0/dream_stellar/bin_45_e0.025.gff
    jobid: 46
    benchmark: benchmarks/rep0/dream_stellar/bin_45_e0.025.txt
    wildcards: rep=0, bin=45, er=0.025


[Fri Apr 29 18:33:35 2022]
rule dream_stellar_search:
    input: rep0/bins/bin_06.fasta, /dev/shm/rep0/queries/bin_06_e0.025.fasta
    output: rep0/dream_stellar/bin_06_e0.025.gff
    jobid: 7
    benchmark: benchmarks/rep0/dream_stellar/bin_06_e0.025.txt
    wildcards: rep=0, bin=06, er=0.025


[Fri Apr 29 18:33:35 2022]
rule dream_stellar_search:
    input: rep0/bins/bin_19.fasta, /dev/shm/rep0/queries/bin_19_e0.025.fasta
    output: rep0/dream_stellar/bin_19_e0.025.gff
    jobid: 20
    benchmark: benchmarks/rep0/dream_stellar/bin_19_e0.025.txt
    wildcards: rep=0, bin=19, er=0.025


[Fri Apr 29 18:33:35 2022]
rule dream_stellar_search:
    input: rep0/bins/bin_61.fasta, /dev/shm/rep0/queries/bin_61_e0.025.fasta
    output: rep0/dream_stellar/bin_61_e0.025.gff
    jobid: 62
    benchmark: benchmarks/rep0/dream_stellar/bin_61_e0.025.txt
    wildcards: rep=0, bin=61, er=0.025


[Fri Apr 29 18:33:35 2022]
rule dream_stellar_search:
    input: rep0/bins/bin_15.fasta, /dev/shm/rep0/queries/bin_15_e0.025.fasta
    output: rep0/dream_stellar/bin_15_e0.025.gff
    jobid: 16
    benchmark: benchmarks/rep0/dream_stellar/bin_15_e0.025.txt
    wildcards: rep=0, bin=15, er=0.025


[Fri Apr 29 18:33:35 2022]
rule dream_stellar_search:
    input: rep0/bins/bin_28.fasta, /dev/shm/rep0/queries/bin_28_e0.025.fasta
    output: rep0/dream_stellar/bin_28_e0.025.gff
    jobid: 29
    benchmark: benchmarks/rep0/dream_stellar/bin_28_e0.025.txt
    wildcards: rep=0, bin=28, er=0.025


[Fri Apr 29 18:33:35 2022]
rule dream_stellar_search:
    input: rep0/bins/bin_46.fasta, /dev/shm/rep0/queries/bin_46_e0.025.fasta
    output: rep0/dream_stellar/bin_46_e0.025.gff
    jobid: 47
    benchmark: benchmarks/rep0/dream_stellar/bin_46_e0.025.txt
    wildcards: rep=0, bin=46, er=0.025


[Fri Apr 29 18:33:35 2022]
rule dream_stellar_search:
    input: rep0/bins/bin_10.fasta, /dev/shm/rep0/queries/bin_10_e0.025.fasta
    output: rep0/dream_stellar/bin_10_e0.025.gff
    jobid: 11
    benchmark: benchmarks/rep0/dream_stellar/bin_10_e0.025.txt
    wildcards: rep=0, bin=10, er=0.025


[Fri Apr 29 18:33:35 2022]
rule dream_stellar_search:
    input: rep0/bins/bin_54.fasta, /dev/shm/rep0/queries/bin_54_e0.025.fasta
    output: rep0/dream_stellar/bin_54_e0.025.gff
    jobid: 55
    benchmark: benchmarks/rep0/dream_stellar/bin_54_e0.025.txt
    wildcards: rep=0, bin=54, er=0.025


[Fri Apr 29 18:33:35 2022]
rule dream_stellar_search:
    input: rep0/bins/bin_60.fasta, /dev/shm/rep0/queries/bin_60_e0.025.fasta
    output: rep0/dream_stellar/bin_60_e0.025.gff
    jobid: 61
    benchmark: benchmarks/rep0/dream_stellar/bin_60_e0.025.txt
    wildcards: rep=0, bin=60, er=0.025


[Fri Apr 29 18:33:35 2022]
rule dream_stellar_search:
    input: rep0/bins/bin_49.fasta, /dev/shm/rep0/queries/bin_49_e0.025.fasta
    output: rep0/dream_stellar/bin_49_e0.025.gff
    jobid: 50
    benchmark: benchmarks/rep0/dream_stellar/bin_49_e0.025.txt
    wildcards: rep=0, bin=49, er=0.025

Activating conda environment: /home/evelin/metagenomics/test-dream-stellar/metagenome/10Mb/.snakemake/conda/6366d620
Activating conda environment: /home/evelin/metagenomics/test-dream-stellar/metagenome/10Mb/.snakemake/conda/6366d620
Activating conda environment: /home/evelin/metagenomics/test-dream-stellar/metagenome/10Mb/.snakemake/conda/6366d620
Activating conda environment: /home/evelin/metagenomics/test-dream-stellar/metagenome/10Mb/.snakemake/conda/6366d620
Activating conda environment: /home/evelin/metagenomics/test-dream-stellar/metagenome/10Mb/.snakemake/conda/6366d620
Activating conda environment: /home/evelin/metagenomics/test-dream-stellar/metagenome/10Mb/.snakemake/conda/6366d620
Activating conda environment: /home/evelin/metagenomics/test-dream-stellar/metagenome/10Mb/.snakemake/conda/6366d620
Activating conda environment: /home/evelin/metagenomics/test-dream-stellar/metagenome/10Mb/.snakemake/conda/6366d620
Activating conda environment: /home/evelin/metagenomics/test-dream-stellar/metagenome/10Mb/.snakemake/conda/6366d620
Activating conda environment: /home/evelin/metagenomics/test-dream-stellar/metagenome/10Mb/.snakemake/conda/6366d620
Activating conda environment: /home/evelin/metagenomics/test-dream-stellar/metagenome/10Mb/.snakemake/conda/6366d620
Activating conda environment: /home/evelin/metagenomics/test-dream-stellar/metagenome/10Mb/.snakemake/conda/6366d620
Activating conda environment: /home/evelin/metagenomics/test-dream-stellar/metagenome/10Mb/.snakemake/conda/6366d620
Activating conda environment: /home/evelin/metagenomics/test-dream-stellar/metagenome/10Mb/.snakemake/conda/6366d620
Activating conda environment: /home/evelin/metagenomics/test-dream-stellar/metagenome/10Mb/.snakemake/conda/6366d620
Activating conda environment: /home/evelin/metagenomics/test-dream-stellar/metagenome/10Mb/.snakemake/conda/6366d620
......Removing temporary output file /dev/shm/rep0/queries/bin_34_e0.025.fasta.
[Fri Apr 29 18:33:40 2022]
Finished job 35.
4 of 68 steps (6%) done

[Fri Apr 29 18:33:40 2022]
rule dream_stellar_search:
    input: rep0/bins/bin_36.fasta, /dev/shm/rep0/queries/bin_36_e0.025.fasta
    output: rep0/dream_stellar/bin_36_e0.025.gff
    jobid: 37
    benchmark: benchmarks/rep0/dream_stellar/bin_36_e0.025.txt
    wildcards: rep=0, bin=36, er=0.025

........Removing temporary output file /dev/shm/rep0/queries/bin_13_e0.025.fasta.
[Fri Apr 29 18:33:40 2022]
Finished job 14.
5 of 68 steps (7%) done
..
[Fri Apr 29 18:33:40 2022]
rule dream_stellar_search:
    input: rep0/bins/bin_43.fasta, /dev/shm/rep0/queries/bin_43_e0.025.fasta
    output: rep0/dream_stellar/bin_43_e0.025.gff
    jobid: 44
    benchmark: benchmarks/rep0/dream_stellar/bin_43_e0.025.txt
    wildcards: rep=0, bin=43, er=0.025

.......Removing temporary output file /dev/shm/rep0/queries/bin_02_e0.025.fasta.
[Fri Apr 29 18:33:41 2022]
Finished job 3.
6 of 68 steps (9%) done

[Fri Apr 29 18:33:41 2022]
rule dream_stellar_search:
    input: rep0/bins/bin_39.fasta, /dev/shm/rep0/queries/bin_39_e0.025.fasta
    output: rep0/dream_stellar/bin_39_e0.025.gff
    jobid: 40
    benchmark: benchmarks/rep0/dream_stellar/bin_39_e0.025.txt
    wildcards: rep=0, bin=39, er=0.025

Removing temporary output file /dev/shm/rep0/queries/bin_08_e0.025.fasta.
[Fri Apr 29 18:33:41 2022]
Finished job 9.
7 of 68 steps (10%) done

[Fri Apr 29 18:33:41 2022]
rule dream_stellar_search:
    input: rep0/bins/bin_35.fasta, /dev/shm/rep0/queries/bin_35_e0.025.fasta
    output: rep0/dream_stellar/bin_35_e0.025.gff
    jobid: 36
    benchmark: benchmarks/rep0/dream_stellar/bin_35_e0.025.txt
    wildcards: rep=0, bin=35, er=0.025

.......Removing temporary output file /dev/shm/rep0/queries/bin_63_e0.025.fasta.
[Fri Apr 29 18:33:41 2022]
Finished job 64.
8 of 68 steps (12%) done

[Fri Apr 29 18:33:41 2022]
rule dream_stellar_search:
    input: rep0/bins/bin_20.fasta, /dev/shm/rep0/queries/bin_20_e0.025.fasta
    output: rep0/dream_stellar/bin_20_e0.025.gff
    jobid: 21
    benchmark: benchmarks/rep0/dream_stellar/bin_20_e0.025.txt
    wildcards: rep=0, bin=20, er=0.025

Removing temporary output file /dev/shm/rep0/queries/bin_15_e0.025.fasta.
[Fri Apr 29 18:33:41 2022]
Finished job 16.
9 of 68 steps (13%) done

[Fri Apr 29 18:33:41 2022]
rule dream_stellar_search:
    input: rep0/bins/bin_30.fasta, /dev/shm/rep0/queries/bin_30_e0.025.fasta
    output: rep0/dream_stellar/bin_30_e0.025.gff
    jobid: 31
    benchmark: benchmarks/rep0/dream_stellar/bin_30_e0.025.txt
    wildcards: rep=0, bin=30, er=0.025

..........Removing temporary output file /dev/shm/rep0/queries/bin_19_e0.025.fasta.
[Fri Apr 29 18:33:41 2022]
Finished job 20.
10 of 68 steps (15%) done

[Fri Apr 29 18:33:41 2022]
rule dream_stellar_search:
    input: rep0/bins/bin_51.fasta, /dev/shm/rep0/queries/bin_51_e0.025.fasta
    output: rep0/dream_stellar/bin_51_e0.025.gff
    jobid: 52
    benchmark: benchmarks/rep0/dream_stellar/bin_51_e0.025.txt
    wildcards: rep=0, bin=51, er=0.025

...Removing temporary output file /dev/shm/rep0/queries/bin_45_e0.025.fasta.
[Fri Apr 29 18:33:41 2022]
Finished job 46.
11 of 68 steps (16%) done

[Fri Apr 29 18:33:41 2022]
rule dream_stellar_search:
    input: rep0/bins/bin_31.fasta, /dev/shm/rep0/queries/bin_31_e0.025.fasta
    output: rep0/dream_stellar/bin_31_e0.025.gff
    jobid: 32
    benchmark: benchmarks/rep0/dream_stellar/bin_31_e0.025.txt
    wildcards: rep=0, bin=31, er=0.025

...Removing temporary output file /dev/shm/rep0/queries/bin_60_e0.025.fasta.
[Fri Apr 29 18:33:41 2022]
Finished job 61.
12 of 68 steps (18%) done

[Fri Apr 29 18:33:41 2022]
rule dream_stellar_search:
    input: rep0/bins/bin_58.fasta, /dev/shm/rep0/queries/bin_58_e0.025.fasta
    output: rep0/dream_stellar/bin_58_e0.025.gff
    jobid: 59
    benchmark: benchmarks/rep0/dream_stellar/bin_58_e0.025.txt
    wildcards: rep=0, bin=58, er=0.025

.......Removing temporary output file /dev/shm/rep0/queries/bin_06_e0.025.fasta.
[Fri Apr 29 18:33:41 2022]
Finished job 7.
13 of 68 steps (19%) done

[Fri Apr 29 18:33:41 2022]
rule dream_stellar_search:
    input: rep0/bins/bin_53.fasta, /dev/shm/rep0/queries/bin_53_e0.025.fasta
    output: rep0/dream_stellar/bin_53_e0.025.gff
    jobid: 54
    benchmark: benchmarks/rep0/dream_stellar/bin_53_e0.025.txt
    wildcards: rep=0, bin=53, er=0.025

Removing temporary output file /dev/shm/rep0/queries/bin_46_e0.025.fasta.
[Fri Apr 29 18:33:41 2022]
Finished job 47.
14 of 68 steps (21%) done
.
[Fri Apr 29 18:33:41 2022]
rule dream_stellar_search:
    input: rep0/bins/bin_38.fasta, /dev/shm/rep0/queries/bin_38_e0.025.fasta
    output: rep0/dream_stellar/bin_38_e0.025.gff
    jobid: 39
    benchmark: benchmarks/rep0/dream_stellar/bin_38_e0.025.txt
    wildcards: rep=0, bin=38, er=0.025

Removing temporary output file /dev/shm/rep0/queries/bin_10_e0.025.fasta.
[Fri Apr 29 18:33:41 2022]
Finished job 11.
15 of 68 steps (22%) done

[Fri Apr 29 18:33:41 2022]
rule dream_stellar_search:
    input: rep0/bins/bin_33.fasta, /dev/shm/rep0/queries/bin_33_e0.025.fasta
    output: rep0/dream_stellar/bin_33_e0.025.gff
    jobid: 34
    benchmark: benchmarks/rep0/dream_stellar/bin_33_e0.025.txt
    wildcards: rep=0, bin=33, er=0.025

.Removing temporary output file /dev/shm/rep0/queries/bin_61_e0.025.fasta.
[Fri Apr 29 18:33:41 2022]
Finished job 62.
16 of 68 steps (24%) done

[Fri Apr 29 18:33:41 2022]
rule dream_stellar_search:
    input: rep0/bins/bin_25.fasta, /dev/shm/rep0/queries/bin_25_e0.025.fasta
    output: rep0/dream_stellar/bin_25_e0.025.gff
    jobid: 26
    benchmark: benchmarks/rep0/dream_stellar/bin_25_e0.025.txt
    wildcards: rep=0, bin=25, er=0.025

......Removing temporary output file /dev/shm/rep0/queries/bin_49_e0.025.fasta.
[Fri Apr 29 18:33:41 2022]
Finished job 50.
17 of 68 steps (25%) done

[Fri Apr 29 18:33:41 2022]
rule dream_stellar_search:
    input: rep0/bins/bin_26.fasta, /dev/shm/rep0/queries/bin_26_e0.025.fasta
    output: rep0/dream_stellar/bin_26_e0.025.gff
    jobid: 27
    benchmark: benchmarks/rep0/dream_stellar/bin_26_e0.025.txt
    wildcards: rep=0, bin=26, er=0.025

...Removing temporary output file /dev/shm/rep0/queries/bin_54_e0.025.fasta.
[Fri Apr 29 18:33:41 2022]
Finished job 55.
18 of 68 steps (26%) done

[Fri Apr 29 18:33:41 2022]
rule dream_stellar_search:
    input: rep0/bins/bin_59.fasta, /dev/shm/rep0/queries/bin_59_e0.025.fasta
    output: rep0/dream_stellar/bin_59_e0.025.gff
    jobid: 60
    benchmark: benchmarks/rep0/dream_stellar/bin_59_e0.025.txt
    wildcards: rep=0, bin=59, er=0.025

Removing temporary output file /dev/shm/rep0/queries/bin_28_e0.025.fasta.
[Fri Apr 29 18:33:41 2022]
Finished job 29.
19 of 68 steps (28%) done

[Fri Apr 29 18:33:41 2022]
rule dream_stellar_search:
    input: rep0/bins/bin_48.fasta, /dev/shm/rep0/queries/bin_48_e0.025.fasta
    output: rep0/dream_stellar/bin_48_e0.025.gff
    jobid: 49
    benchmark: benchmarks/rep0/dream_stellar/bin_48_e0.025.txt
    wildcards: rep=0, bin=48, er=0.025

Activating conda environment: /home/evelin/metagenomics/test-dream-stellar/metagenome/10Mb/.snakemake/conda/6366d620
Activating conda environment: /home/evelin/metagenomics/test-dream-stellar/metagenome/10Mb/.snakemake/conda/6366d620
Activating conda environment: /home/evelin/metagenomics/test-dream-stellar/metagenome/10Mb/.snakemake/conda/6366d620
Activating conda environment: /home/evelin/metagenomics/test-dream-stellar/metagenome/10Mb/.snakemake/conda/6366d620
Activating conda environment: /home/evelin/metagenomics/test-dream-stellar/metagenome/10Mb/.snakemake/conda/6366d620
Activating conda environment: /home/evelin/metagenomics/test-dream-stellar/metagenome/10Mb/.snakemake/conda/6366d620
Activating conda environment: /home/evelin/metagenomics/test-dream-stellar/metagenome/10Mb/.snakemake/conda/6366d620
Activating conda environment: /home/evelin/metagenomics/test-dream-stellar/metagenome/10Mb/.snakemake/conda/6366d620
Activating conda environment: /home/evelin/metagenomics/test-dream-stellar/metagenome/10Mb/.snakemake/conda/6366d620
Activating conda environment: /home/evelin/metagenomics/test-dream-stellar/metagenome/10Mb/.snakemake/conda/6366d620
.Activating conda environment: /home/evelin/metagenomics/test-dream-stellar/metagenome/10Mb/.snakemake/conda/6366d620
..Activating conda environment: /home/evelin/metagenomics/test-dream-stellar/metagenome/10Mb/.snakemake/conda/6366d620
Activating conda environment: /home/evelin/metagenomics/test-dream-stellar/metagenome/10Mb/.snakemake/conda/6366d620
....Activating conda environment: /home/evelin/metagenomics/test-dream-stellar/metagenome/10Mb/.snakemake/conda/6366d620
.Removing temporary output file /dev/shm/rep0/queries/bin_20_e0.025.fasta.
[Fri Apr 29 18:33:44 2022]
Finished job 21.
20 of 68 steps (29%) done

[Fri Apr 29 18:33:44 2022]
rule dream_stellar_search:
    input: rep0/bins/bin_50.fasta, /dev/shm/rep0/queries/bin_50_e0.025.fasta
    output: rep0/dream_stellar/bin_50_e0.025.gff
    jobid: 51
    benchmark: benchmarks/rep0/dream_stellar/bin_50_e0.025.txt
    wildcards: rep=0, bin=50, er=0.025

....Removing temporary output file /dev/shm/rep0/queries/bin_36_e0.025.fasta.
[Fri Apr 29 18:33:44 2022]
Finished job 37.
21 of 68 steps (31%) done
.
[Fri Apr 29 18:33:44 2022]
rule dream_stellar_search:
    input: rep0/bins/bin_16.fasta, /dev/shm/rep0/queries/bin_16_e0.025.fasta
    output: rep0/dream_stellar/bin_16_e0.025.gff
    jobid: 17
    benchmark: benchmarks/rep0/dream_stellar/bin_16_e0.025.txt
    wildcards: rep=0, bin=16, er=0.025

Activating conda environment: /home/evelin/metagenomics/test-dream-stellar/metagenome/10Mb/.snakemake/conda/6366d620
....Activating conda environment: /home/evelin/metagenomics/test-dream-stellar/metagenome/10Mb/.snakemake/conda/6366d620
Removing temporary output file /dev/shm/rep0/queries/bin_51_e0.025.fasta.
[Fri Apr 29 18:33:44 2022]
Finished job 52.
22 of 68 steps (32%) done
.Removing temporary output file /dev/shm/rep0/queries/bin_35_e0.025.fasta.
[Fri Apr 29 18:33:44 2022]
Finished job 36.
23 of 68 steps (34%) done

[Fri Apr 29 18:33:44 2022]
rule dream_stellar_search:
    input: rep0/bins/bin_55.fasta, /dev/shm/rep0/queries/bin_55_e0.025.fasta
    output: rep0/dream_stellar/bin_55_e0.025.gff
    jobid: 56
    benchmark: benchmarks/rep0/dream_stellar/bin_55_e0.025.txt
    wildcards: rep=0, bin=55, er=0.025

.
[Fri Apr 29 18:33:44 2022]
rule dream_stellar_search:
    input: rep0/bins/bin_22.fasta, /dev/shm/rep0/queries/bin_22_e0.025.fasta
    output: rep0/dream_stellar/bin_22_e0.025.gff
    jobid: 23
    benchmark: benchmarks/rep0/dream_stellar/bin_22_e0.025.txt
    wildcards: rep=0, bin=22, er=0.025

........Removing temporary output file /dev/shm/rep0/queries/bin_43_e0.025.fasta.
[Fri Apr 29 18:33:44 2022]
Finished job 44.
24 of 68 steps (35%) done

[Fri Apr 29 18:33:44 2022]
rule dream_stellar_search:
    input: rep0/bins/bin_47.fasta, /dev/shm/rep0/queries/bin_47_e0.025.fasta
    output: rep0/dream_stellar/bin_47_e0.025.gff
    jobid: 48
    benchmark: benchmarks/rep0/dream_stellar/bin_47_e0.025.txt
    wildcards: rep=0, bin=47, er=0.025

Removing temporary output file /dev/shm/rep0/queries/bin_58_e0.025.fasta.
[Fri Apr 29 18:33:44 2022]
Finished job 59.
25 of 68 steps (37%) done
.
[Fri Apr 29 18:33:44 2022]
rule dream_stellar_search:
    input: rep0/bins/bin_56.fasta, /dev/shm/rep0/queries/bin_56_e0.025.fasta
    output: rep0/dream_stellar/bin_56_e0.025.gff
    jobid: 57
    benchmark: benchmarks/rep0/dream_stellar/bin_56_e0.025.txt
    wildcards: rep=0, bin=56, er=0.025

.......Removing temporary output file /dev/shm/rep0/queries/bin_39_e0.025.fasta.
[Fri Apr 29 18:33:45 2022]
Finished job 40.
26 of 68 steps (38%) done

[Fri Apr 29 18:33:45 2022]
rule dream_stellar_search:
    input: rep0/bins/bin_24.fasta, /dev/shm/rep0/queries/bin_24_e0.025.fasta
    output: rep0/dream_stellar/bin_24_e0.025.gff
    jobid: 25
    benchmark: benchmarks/rep0/dream_stellar/bin_24_e0.025.txt
    wildcards: rep=0, bin=24, er=0.025

..Removing temporary output file /dev/shm/rep0/queries/bin_26_e0.025.fasta.
[Fri Apr 29 18:33:45 2022]
Finished job 27.
27 of 68 steps (40%) done

[Fri Apr 29 18:33:45 2022]
rule dream_stellar_search:
    input: rep0/bins/bin_00.fasta, /dev/shm/rep0/queries/bin_00_e0.025.fasta
    output: rep0/dream_stellar/bin_00_e0.025.gff
    jobid: 1
    benchmark: benchmarks/rep0/dream_stellar/bin_00_e0.025.txt
    wildcards: rep=0, bin=00, er=0.025

..Removing temporary output file /dev/shm/rep0/queries/bin_31_e0.025.fasta.
[Fri Apr 29 18:33:45 2022]
Finished job 32.
28 of 68 steps (41%) done

[Fri Apr 29 18:33:45 2022]
rule dream_stellar_search:
    input: rep0/bins/bin_12.fasta, /dev/shm/rep0/queries/bin_12_e0.025.fasta
    output: rep0/dream_stellar/bin_12_e0.025.gff
    jobid: 13
    benchmark: benchmarks/rep0/dream_stellar/bin_12_e0.025.txt
    wildcards: rep=0, bin=12, er=0.025

...Removing temporary output file /dev/shm/rep0/queries/bin_53_e0.025.fasta.
[Fri Apr 29 18:33:45 2022]
Finished job 54.
29 of 68 steps (43%) done

[Fri Apr 29 18:33:45 2022]
rule dream_stellar_search:
    input: rep0/bins/bin_11.fasta, /dev/shm/rep0/queries/bin_11_e0.025.fasta
    output: rep0/dream_stellar/bin_11_e0.025.gff
    jobid: 12
    benchmark: benchmarks/rep0/dream_stellar/bin_11_e0.025.txt
    wildcards: rep=0, bin=11, er=0.025

.......Removing temporary output file /dev/shm/rep0/queries/bin_59_e0.025.fasta.
[Fri Apr 29 18:33:45 2022]
Finished job 60.
30 of 68 steps (44%) done

[Fri Apr 29 18:33:45 2022]
rule dream_stellar_search:
    input: rep0/bins/bin_07.fasta, /dev/shm/rep0/queries/bin_07_e0.025.fasta
    output: rep0/dream_stellar/bin_07_e0.025.gff
    jobid: 8
    benchmark: benchmarks/rep0/dream_stellar/bin_07_e0.025.txt
    wildcards: rep=0, bin=07, er=0.025

......Removing temporary output file /dev/shm/rep0/queries/bin_33_e0.025.fasta.
[Fri Apr 29 18:33:45 2022]
Finished job 34.
31 of 68 steps (46%) done

[Fri Apr 29 18:33:45 2022]
rule dream_stellar_search:
    input: rep0/bins/bin_09.fasta, /dev/shm/rep0/queries/bin_09_e0.025.fasta
    output: rep0/dream_stellar/bin_09_e0.025.gff
    jobid: 10
    benchmark: benchmarks/rep0/dream_stellar/bin_09_e0.025.txt
    wildcards: rep=0, bin=09, er=0.025

....Removing temporary output file /dev/shm/rep0/queries/bin_25_e0.025.fasta.
[Fri Apr 29 18:33:45 2022]
Finished job 26.
32 of 68 steps (47%) done

[Fri Apr 29 18:33:45 2022]
rule dream_stellar_search:
    input: rep0/bins/bin_05.fasta, /dev/shm/rep0/queries/bin_05_e0.025.fasta
    output: rep0/dream_stellar/bin_05_e0.025.gff
    jobid: 6
    benchmark: benchmarks/rep0/dream_stellar/bin_05_e0.025.txt
    wildcards: rep=0, bin=05, er=0.025

Removing temporary output file /dev/shm/rep0/queries/bin_30_e0.025.fasta.
[Fri Apr 29 18:33:45 2022]
Finished job 31.
33 of 68 steps (49%) done
.
[Fri Apr 29 18:33:45 2022]
rule dream_stellar_search:
    input: rep0/bins/bin_04.fasta, /dev/shm/rep0/queries/bin_04_e0.025.fasta
    output: rep0/dream_stellar/bin_04_e0.025.gff
    jobid: 5
    benchmark: benchmarks/rep0/dream_stellar/bin_04_e0.025.txt
    wildcards: rep=0, bin=04, er=0.025

.Removing temporary output file /dev/shm/rep0/queries/bin_38_e0.025.fasta.
[Fri Apr 29 18:33:45 2022]
Finished job 39.
34 of 68 steps (50%) done

[Fri Apr 29 18:33:45 2022]
rule dream_stellar_search:
    input: rep0/bins/bin_01.fasta, /dev/shm/rep0/queries/bin_01_e0.025.fasta
    output: rep0/dream_stellar/bin_01_e0.025.gff
    jobid: 2
    benchmark: benchmarks/rep0/dream_stellar/bin_01_e0.025.txt
    wildcards: rep=0, bin=01, er=0.025

...Removing temporary output file /dev/shm/rep0/queries/bin_48_e0.025.fasta.
[Fri Apr 29 18:33:46 2022]
Finished job 49.
35 of 68 steps (51%) done

[Fri Apr 29 18:33:46 2022]
rule dream_stellar_search:
    input: rep0/bins/bin_62.fasta, /dev/shm/rep0/queries/bin_62_e0.025.fasta
    output: rep0/dream_stellar/bin_62_e0.025.gff
    jobid: 63
    benchmark: benchmarks/rep0/dream_stellar/bin_62_e0.025.txt
    wildcards: rep=0, bin=62, er=0.025

Activating conda environment: /home/evelin/metagenomics/test-dream-stellar/metagenome/10Mb/.snakemake/conda/6366d620
Activating conda environment: /home/evelin/metagenomics/test-dream-stellar/metagenome/10Mb/.snakemake/conda/6366d620
Activating conda environment: /home/evelin/metagenomics/test-dream-stellar/metagenome/10Mb/.snakemake/conda/6366d620
Activating conda environment: /home/evelin/metagenomics/test-dream-stellar/metagenome/10Mb/.snakemake/conda/6366d620
Activating conda environment: /home/evelin/metagenomics/test-dream-stellar/metagenome/10Mb/.snakemake/conda/6366d620
Activating conda environment: /home/evelin/metagenomics/test-dream-stellar/metagenome/10Mb/.snakemake/conda/6366d620
Activating conda environment: /home/evelin/metagenomics/test-dream-stellar/metagenome/10Mb/.snakemake/conda/6366d620
Activating conda environment: /home/evelin/metagenomics/test-dream-stellar/metagenome/10Mb/.snakemake/conda/6366d620
Activating conda environment: /home/evelin/metagenomics/test-dream-stellar/metagenome/10Mb/.snakemake/conda/6366d620
Activating conda environment: /home/evelin/metagenomics/test-dream-stellar/metagenome/10Mb/.snakemake/conda/6366d620
.Activating conda environment: /home/evelin/metagenomics/test-dream-stellar/metagenome/10Mb/.snakemake/conda/6366d620
Activating conda environment: /home/evelin/metagenomics/test-dream-stellar/metagenome/10Mb/.snakemake/conda/6366d620
..Activating conda environment: /home/evelin/metagenomics/test-dream-stellar/metagenome/10Mb/.snakemake/conda/6366d620
..Removing temporary output file /dev/shm/rep0/queries/bin_16_e0.025.fasta.
[Fri Apr 29 18:33:48 2022]
Finished job 17.
36 of 68 steps (53%) done

[Fri Apr 29 18:33:48 2022]
rule dream_stellar_search:
    input: rep0/bins/bin_27.fasta, /dev/shm/rep0/queries/bin_27_e0.025.fasta
    output: rep0/dream_stellar/bin_27_e0.025.gff
    jobid: 28
    benchmark: benchmarks/rep0/dream_stellar/bin_27_e0.025.txt
    wildcards: rep=0, bin=27, er=0.025

Activating conda environment: /home/evelin/metagenomics/test-dream-stellar/metagenome/10Mb/.snakemake/conda/6366d620
.........Removing temporary output file /dev/shm/rep0/queries/bin_55_e0.025.fasta.
[Fri Apr 29 18:33:48 2022]
Finished job 56.
37 of 68 steps (54%) done
.
[Fri Apr 29 18:33:48 2022]
rule dream_stellar_search:
    input: rep0/bins/bin_41.fasta, /dev/shm/rep0/queries/bin_41_e0.025.fasta
    output: rep0/dream_stellar/bin_41_e0.025.gff
    jobid: 42
    benchmark: benchmarks/rep0/dream_stellar/bin_41_e0.025.txt
    wildcards: rep=0, bin=41, er=0.025

..Activating conda environment: /home/evelin/metagenomics/test-dream-stellar/metagenome/10Mb/.snakemake/conda/6366d620
Removing temporary output file /dev/shm/rep0/queries/bin_50_e0.025.fasta.
[Fri Apr 29 18:33:48 2022]
Finished job 51.
38 of 68 steps (56%) done

[Fri Apr 29 18:33:48 2022]
rule dream_stellar_search:
    input: rep0/bins/bin_23.fasta, /dev/shm/rep0/queries/bin_23_e0.025.fasta
    output: rep0/dream_stellar/bin_23_e0.025.gff
    jobid: 24
    benchmark: benchmarks/rep0/dream_stellar/bin_23_e0.025.txt
    wildcards: rep=0, bin=23, er=0.025

Activating conda environment: /home/evelin/metagenomics/test-dream-stellar/metagenome/10Mb/.snakemake/conda/6366d620
....Removing temporary output file /dev/shm/rep0/queries/bin_22_e0.025.fasta.
[Fri Apr 29 18:33:48 2022]
Finished job 23.
.39 of 68 steps (57%) done

[Fri Apr 29 18:33:48 2022]
rule dream_stellar_search:
    input: rep0/bins/bin_29.fasta, /dev/shm/rep0/queries/bin_29_e0.025.fasta
    output: rep0/dream_stellar/bin_29_e0.025.gff
    jobid: 30
    benchmark: benchmarks/rep0/dream_stellar/bin_29_e0.025.txt
    wildcards: rep=0, bin=29, er=0.025

..Removing temporary output file /dev/shm/rep0/queries/bin_56_e0.025.fasta.
[Fri Apr 29 18:33:48 2022]
Finished job 57.
40 of 68 steps (59%) done

[Fri Apr 29 18:33:48 2022]
rule dream_stellar_search:
    input: rep0/bins/bin_44.fasta, /dev/shm/rep0/queries/bin_44_e0.025.fasta
    output: rep0/dream_stellar/bin_44_e0.025.gff
    jobid: 45
    benchmark: benchmarks/rep0/dream_stellar/bin_44_e0.025.txt
    wildcards: rep=0, bin=44, er=0.025

.............Removing temporary output file /dev/shm/rep0/queries/bin_11_e0.025.fasta.
[Fri Apr 29 18:33:49 2022]
Finished job 12.
41 of 68 steps (60%) done

[Fri Apr 29 18:33:49 2022]
rule dream_stellar_search:
    input: rep0/bins/bin_21.fasta, /dev/shm/rep0/queries/bin_21_e0.025.fasta
    output: rep0/dream_stellar/bin_21_e0.025.gff
    jobid: 22
    benchmark: benchmarks/rep0/dream_stellar/bin_21_e0.025.txt
    wildcards: rep=0, bin=21, er=0.025

.Removing temporary output file /dev/shm/rep0/queries/bin_24_e0.025.fasta.
[Fri Apr 29 18:33:49 2022]
Finished job 25.
42 of 68 steps (62%) done
.
[Fri Apr 29 18:33:49 2022]
rule dream_stellar_search:
    input: rep0/bins/bin_37.fasta, /dev/shm/rep0/queries/bin_37_e0.025.fasta
    output: rep0/dream_stellar/bin_37_e0.025.gff
    jobid: 38
    benchmark: benchmarks/rep0/dream_stellar/bin_37_e0.025.txt
    wildcards: rep=0, bin=37, er=0.025

Removing temporary output file /dev/shm/rep0/queries/bin_00_e0.025.fasta.
[Fri Apr 29 18:33:49 2022]
Finished job 1.
43 of 68 steps (63%) done

[Fri Apr 29 18:33:49 2022]
rule dream_stellar_search:
    input: rep0/bins/bin_57.fasta, /dev/shm/rep0/queries/bin_57_e0.025.fasta
    output: rep0/dream_stellar/bin_57_e0.025.gff
    jobid: 58
    benchmark: benchmarks/rep0/dream_stellar/bin_57_e0.025.txt
    wildcards: rep=0, bin=57, er=0.025

.Removing temporary output file /dev/shm/rep0/queries/bin_47_e0.025.fasta.
[Fri Apr 29 18:33:49 2022]
Finished job 48.
44 of 68 steps (65%) done

[Fri Apr 29 18:33:49 2022]
rule dream_stellar_search:
    input: rep0/bins/bin_18.fasta, /dev/shm/rep0/queries/bin_18_e0.025.fasta
    output: rep0/dream_stellar/bin_18_e0.025.gff
    jobid: 19
    benchmark: benchmarks/rep0/dream_stellar/bin_18_e0.025.txt
    wildcards: rep=0, bin=18, er=0.025

Removing temporary output file /dev/shm/rep0/queries/bin_12_e0.025.fasta.
[Fri Apr 29 18:33:49 2022]
Finished job 13.
45 of 68 steps (66%) done

[Fri Apr 29 18:33:49 2022]
rule dream_stellar_search:
    input: rep0/bins/bin_17.fasta, /dev/shm/rep0/queries/bin_17_e0.025.fasta
    output: rep0/dream_stellar/bin_17_e0.025.gff
    jobid: 18
    benchmark: benchmarks/rep0/dream_stellar/bin_17_e0.025.txt
    wildcards: rep=0, bin=17, er=0.025

.......Removing temporary output file /dev/shm/rep0/queries/bin_07_e0.025.fasta.
[Fri Apr 29 18:33:49 2022]
Finished job 8.
46 of 68 steps (68%) done

[Fri Apr 29 18:33:49 2022]
rule dream_stellar_search:
    input: rep0/bins/bin_14.fasta, /dev/shm/rep0/queries/bin_14_e0.025.fasta
    output: rep0/dream_stellar/bin_14_e0.025.gff
    jobid: 15
    benchmark: benchmarks/rep0/dream_stellar/bin_14_e0.025.txt
    wildcards: rep=0, bin=14, er=0.025

......Removing temporary output file /dev/shm/rep0/queries/bin_09_e0.025.fasta.
[Fri Apr 29 18:33:49 2022]
Finished job 10.
47 of 68 steps (69%) done

[Fri Apr 29 18:33:49 2022]
rule dream_stellar_search:
    input: rep0/bins/bin_32.fasta, /dev/shm/rep0/queries/bin_32_e0.025.fasta
    output: rep0/dream_stellar/bin_32_e0.025.gff
    jobid: 33
    benchmark: benchmarks/rep0/dream_stellar/bin_32_e0.025.txt
    wildcards: rep=0, bin=32, er=0.025

....Removing temporary output file /dev/shm/rep0/queries/bin_05_e0.025.fasta.
[Fri Apr 29 18:33:49 2022]
Finished job 6.
48 of 68 steps (71%) done

[Fri Apr 29 18:33:49 2022]
rule dream_stellar_search:
    input: rep0/bins/bin_42.fasta, /dev/shm/rep0/queries/bin_42_e0.025.fasta
    output: rep0/dream_stellar/bin_42_e0.025.gff
    jobid: 43
    benchmark: benchmarks/rep0/dream_stellar/bin_42_e0.025.txt
    wildcards: rep=0, bin=42, er=0.025

.Removing temporary output file /dev/shm/rep0/queries/bin_04_e0.025.fasta.
[Fri Apr 29 18:33:49 2022]
Finished job 5.
49 of 68 steps (72%) done

[Fri Apr 29 18:33:49 2022]
rule dream_stellar_search:
    input: rep0/bins/bin_03.fasta, /dev/shm/rep0/queries/bin_03_e0.025.fasta
    output: rep0/dream_stellar/bin_03_e0.025.gff
    jobid: 4
    benchmark: benchmarks/rep0/dream_stellar/bin_03_e0.025.txt
    wildcards: rep=0, bin=03, er=0.025

....Removing temporary output file /dev/shm/rep0/queries/bin_01_e0.025.fasta.
[Fri Apr 29 18:33:50 2022]
Finished job 2.
50 of 68 steps (74%) done

[Fri Apr 29 18:33:50 2022]
rule dream_stellar_search:
    input: rep0/bins/bin_40.fasta, /dev/shm/rep0/queries/bin_40_e0.025.fasta
    output: rep0/dream_stellar/bin_40_e0.025.gff
    jobid: 41
    benchmark: benchmarks/rep0/dream_stellar/bin_40_e0.025.txt
    wildcards: rep=0, bin=40, er=0.025

..Removing temporary output file /dev/shm/rep0/queries/bin_62_e0.025.fasta.
[Fri Apr 29 18:33:50 2022]
Finished job 63.
51 of 68 steps (75%) done

[Fri Apr 29 18:33:50 2022]
rule dream_stellar_search:
    input: rep0/bins/bin_52.fasta, /dev/shm/rep0/queries/bin_52_e0.025.fasta
    output: rep0/dream_stellar/bin_52_e0.025.gff
    jobid: 53
    benchmark: benchmarks/rep0/dream_stellar/bin_52_e0.025.txt
    wildcards: rep=0, bin=52, er=0.025

Activating conda environment: /home/evelin/metagenomics/test-dream-stellar/metagenome/10Mb/.snakemake/conda/6366d620
Activating conda environment: /home/evelin/metagenomics/test-dream-stellar/metagenome/10Mb/.snakemake/conda/6366d620
Activating conda environment: /home/evelin/metagenomics/test-dream-stellar/metagenome/10Mb/.snakemake/conda/6366d620
Activating conda environment: /home/evelin/metagenomics/test-dream-stellar/metagenome/10Mb/.snakemake/conda/6366d620
Activating conda environment: /home/evelin/metagenomics/test-dream-stellar/metagenome/10Mb/.snakemake/conda/6366d620
Activating conda environment: /home/evelin/metagenomics/test-dream-stellar/metagenome/10Mb/.snakemake/conda/6366d620
Activating conda environment: /home/evelin/metagenomics/test-dream-stellar/metagenome/10Mb/.snakemake/conda/6366d620
Activating conda environment: /home/evelin/metagenomics/test-dream-stellar/metagenome/10Mb/.snakemake/conda/6366d620
Activating conda environment: /home/evelin/metagenomics/test-dream-stellar/metagenome/10Mb/.snakemake/conda/6366d620
Activating conda environment: /home/evelin/metagenomics/test-dream-stellar/metagenome/10Mb/.snakemake/conda/6366d620
Activating conda environment: /home/evelin/metagenomics/test-dream-stellar/metagenome/10Mb/.snakemake/conda/6366d620
Activating conda environment: /home/evelin/metagenomics/test-dream-stellar/metagenome/10Mb/.snakemake/conda/6366d620
Activating conda environment: /home/evelin/metagenomics/test-dream-stellar/metagenome/10Mb/.snakemake/conda/6366d620
Activating conda environment: /home/evelin/metagenomics/test-dream-stellar/metagenome/10Mb/.snakemake/conda/6366d620
..........Removing temporary output file /dev/shm/rep0/queries/bin_27_e0.025.fasta.
[Fri Apr 29 18:33:53 2022]
Finished job 28.
52 of 68 steps (76%) done
....Activating conda environment: /home/evelin/metagenomics/test-dream-stellar/metagenome/10Mb/.snakemake/conda/6366d620
...Removing temporary output file /dev/shm/rep0/queries/bin_23_e0.025.fasta.
[Fri Apr 29 18:33:53 2022]
Finished job 24.
53 of 68 steps (78%) done
..Removing temporary output file /dev/shm/rep0/queries/bin_44_e0.025.fasta.
[Fri Apr 29 18:33:53 2022]
Finished job 45.
54 of 68 steps (79%) done
Removing temporary output file /dev/shm/rep0/queries/bin_29_e0.025.fasta.
[Fri Apr 29 18:33:53 2022]
Finished job 30.
55 of 68 steps (81%) done
..Removing temporary output file /dev/shm/rep0/queries/bin_41_e0.025.fasta.
[Fri Apr 29 18:33:53 2022]
Finished job 42.
56 of 68 steps (82%) done
Activating conda environment: /home/evelin/metagenomics/test-dream-stellar/metagenome/10Mb/.snakemake/conda/6366d620
..........Removing temporary output file /dev/shm/rep0/queries/bin_57_e0.025.fasta.
[Fri Apr 29 18:33:53 2022]
Finished job 58.
57 of 68 steps (84%) done
......Removing temporary output file /dev/shm/rep0/queries/bin_17_e0.025.fasta.
.[Fri Apr 29 18:33:53 2022]
Finished job 18.
58 of 68 steps (85%) done
...Removing temporary output file /dev/shm/rep0/queries/bin_14_e0.025.fasta.
[Fri Apr 29 18:33:53 2022]
Finished job 15.
59 of 68 steps (87%) done
...Removing temporary output file /dev/shm/rep0/queries/bin_18_e0.025.fasta.
[Fri Apr 29 18:33:53 2022]
Finished job 19.
60 of 68 steps (88%) done
...Removing temporary output file /dev/shm/rep0/queries/bin_37_e0.025.fasta.
[Fri Apr 29 18:33:53 2022]
Finished job 38.
61 of 68 steps (90%) done
.....Removing temporary output file /dev/shm/rep0/queries/bin_03_e0.025.fasta.
[Fri Apr 29 18:33:53 2022]
Finished job 4.
62 of 68 steps (91%) done
.......Removing temporary output file /dev/shm/rep0/queries/bin_21_e0.025.fasta.
[Fri Apr 29 18:33:53 2022]
Finished job 22.
63 of 68 steps (93%) done
Removing temporary output file /dev/shm/rep0/queries/bin_32_e0.025.fasta.
[Fri Apr 29 18:33:53 2022]
Finished job 33.
64 of 68 steps (94%) done
Removing temporary output file /dev/shm/rep0/queries/bin_40_e0.025.fasta.
[Fri Apr 29 18:33:53 2022]
Finished job 41.
65 of 68 steps (96%) done
..Removing temporary output file /dev/shm/rep0/queries/bin_42_e0.025.fasta.
[Fri Apr 29 18:33:53 2022]
Finished job 43.
66 of 68 steps (97%) done
...Removing temporary output file /dev/shm/rep0/queries/bin_52_e0.025.fasta.
[Fri Apr 29 18:33:54 2022]
Finished job 53.
67 of 68 steps (99%) done

[Fri Apr 29 18:33:54 2022]
rule make_all:
    input: rep0/dream_stellar/bin_00_e0.025.gff, rep0/dream_stellar/bin_01_e0.025.gff, rep0/dream_stellar/bin_02_e0.025.gff, rep0/dream_stellar/bin_03_e0.025.gff, rep0/dream_stellar/bin_04_e0.025.gff, rep0/dream_stellar/bin_05_e0.025.gff, rep0/dream_stellar/bin_06_e0.025.gff, rep0/dream_stellar/bin_07_e0.025.gff, rep0/dream_stellar/bin_08_e0.025.gff, rep0/dream_stellar/bin_09_e0.025.gff, rep0/dream_stellar/bin_10_e0.025.gff, rep0/dream_stellar/bin_11_e0.025.gff, rep0/dream_stellar/bin_12_e0.025.gff, rep0/dream_stellar/bin_13_e0.025.gff, rep0/dream_stellar/bin_14_e0.025.gff, rep0/dream_stellar/bin_15_e0.025.gff, rep0/dream_stellar/bin_16_e0.025.gff, rep0/dream_stellar/bin_17_e0.025.gff, rep0/dream_stellar/bin_18_e0.025.gff, rep0/dream_stellar/bin_19_e0.025.gff, rep0/dream_stellar/bin_20_e0.025.gff, rep0/dream_stellar/bin_21_e0.025.gff, rep0/dream_stellar/bin_22_e0.025.gff, rep0/dream_stellar/bin_23_e0.025.gff, rep0/dream_stellar/bin_24_e0.025.gff, rep0/dream_stellar/bin_25_e0.025.gff, rep0/dream_stellar/bin_26_e0.025.gff, rep0/dream_stellar/bin_27_e0.025.gff, rep0/dream_stellar/bin_28_e0.025.gff, rep0/dream_stellar/bin_29_e0.025.gff, rep0/dream_stellar/bin_30_e0.025.gff, rep0/dream_stellar/bin_31_e0.025.gff, rep0/dream_stellar/bin_32_e0.025.gff, rep0/dream_stellar/bin_33_e0.025.gff, rep0/dream_stellar/bin_34_e0.025.gff, rep0/dream_stellar/bin_35_e0.025.gff, rep0/dream_stellar/bin_36_e0.025.gff, rep0/dream_stellar/bin_37_e0.025.gff, rep0/dream_stellar/bin_38_e0.025.gff, rep0/dream_stellar/bin_39_e0.025.gff, rep0/dream_stellar/bin_40_e0.025.gff, rep0/dream_stellar/bin_41_e0.025.gff, rep0/dream_stellar/bin_42_e0.025.gff, rep0/dream_stellar/bin_43_e0.025.gff, rep0/dream_stellar/bin_44_e0.025.gff, rep0/dream_stellar/bin_45_e0.025.gff, rep0/dream_stellar/bin_46_e0.025.gff, rep0/dream_stellar/bin_47_e0.025.gff, rep0/dream_stellar/bin_48_e0.025.gff, rep0/dream_stellar/bin_49_e0.025.gff, rep0/dream_stellar/bin_50_e0.025.gff, rep0/dream_stellar/bin_51_e0.025.gff, rep0/dream_stellar/bin_52_e0.025.gff, rep0/dream_stellar/bin_53_e0.025.gff, rep0/dream_stellar/bin_54_e0.025.gff, rep0/dream_stellar/bin_55_e0.025.gff, rep0/dream_stellar/bin_56_e0.025.gff, rep0/dream_stellar/bin_57_e0.025.gff, rep0/dream_stellar/bin_58_e0.025.gff, rep0/dream_stellar/bin_59_e0.025.gff, rep0/dream_stellar/bin_60_e0.025.gff, rep0/dream_stellar/bin_61_e0.025.gff, rep0/dream_stellar/bin_62_e0.025.gff, rep0/dream_stellar/bin_63_e0.025.gff
    jobid: 0

[Fri Apr 29 18:33:54 2022]
Finished job 0.
68 of 68 steps (100%) done
Complete log: /home/evelin/metagenomics/test-dream-stellar/metagenome/.snakemake/log/2022-04-29T183323.134621.snakemake.log
